This is pdfTeX, Version 3.14159265-2.6-1.40.16 (TeX Live 2015/Debian) (preloaded format=pdflatex 2017.8.30)  11 NOV 2017 02:55
entering extended mode
 restricted \write18 enabled.
 %&-line parsing enabled.
**Report.tex
(./Report.tex
LaTeX2e <2016/02/01>
Babel <3.9q> and hyphenation patterns for 81 language(s) loaded.
(/usr/share/texlive/texmf-dist/tex/latex/koma-script/scrartcl.cls
Document Class: scrartcl 2015/10/03 v3.19a KOMA-Script document class (article)

(/usr/share/texlive/texmf-dist/tex/latex/koma-script/scrkbase.sty
Package: scrkbase 2015/10/03 v3.19a KOMA-Script package (KOMA-Script-dependent 
basics and keyval usage)

(/usr/share/texlive/texmf-dist/tex/latex/koma-script/scrbase.sty
Package: scrbase 2015/10/03 v3.19a KOMA-Script package (KOMA-Script-independent
 basics and keyval usage)

(/usr/share/texlive/texmf-dist/tex/latex/graphics/keyval.sty
Package: keyval 2014/10/28 v1.15 key=value parser (DPC)
\KV@toks@=\toks14
)
(/usr/share/texlive/texmf-dist/tex/latex/koma-script/scrlfile.sty
Package: scrlfile 2015/10/03 v3.19a KOMA-Script package (loading files)

Package scrlfile, 2015/10/03 v3.19a KOMA-Script package (loading files)
                  Copyright (C) Markus Kohm

))) (/usr/share/texlive/texmf-dist/tex/latex/koma-script/tocbasic.sty
Package: tocbasic 2015/10/03 v3.19a KOMA-Script package (handling toc-files)
)
Package tocbasic Info: omitting babel extension for `toc'
(tocbasic)             because of feature `nobabel' available
(tocbasic)             for `toc' on input line 123.
Package tocbasic Info: omitting babel extension for `lof'
(tocbasic)             because of feature `nobabel' available
(tocbasic)             for `lof' on input line 124.
Package tocbasic Info: omitting babel extension for `lot'
(tocbasic)             because of feature `nobabel' available
(tocbasic)             for `lot' on input line 125.
Class scrartcl Info: File `scrsize11pt.clo' used to setup font sizes on input l
ine 2033.

(/usr/share/texlive/texmf-dist/tex/latex/koma-script/scrsize11pt.clo
File: scrsize11pt.clo 2015/10/03 v3.19a KOMA-Script font size class option (11p
t)
)
(/usr/share/texlive/texmf-dist/tex/latex/koma-script/typearea.sty
Package: typearea 2015/10/03 v3.19a KOMA-Script package (type area)

Package typearea, 2015/10/03 v3.19a KOMA-Script package (type area)
                  Copyright (C) Frank Neukam, 1992-1994
                  Copyright (C) Markus Kohm, 1994-

\ta@bcor=\skip41
\ta@div=\count79
\ta@hblk=\skip42
\ta@vblk=\skip43
\ta@temp=\skip44
\footheight=\skip45
Package typearea Info: These are the values describing the layout:
(typearea)             DIV  = 10
(typearea)             BCOR = 0.0pt
(typearea)             \paperwidth      = 597.50793pt
(typearea)              \textwidth      = 418.25555pt
(typearea)              DIV departure   = -6%
(typearea)              \evensidemargin = 17.3562pt
(typearea)              \oddsidemargin  = 17.3562pt
(typearea)             \paperheight     = 845.04694pt
(typearea)              \textheight     = 595.80026pt
(typearea)              \topmargin      = -25.16531pt
(typearea)              \headheight     = 17.0pt
(typearea)              \headsep        = 20.40001pt
(typearea)              \topskip        = 11.0pt
(typearea)              \footskip       = 47.6pt
(typearea)              \baselineskip   = 13.6pt
(typearea)              on input line 1509.
)
\c@part=\count80
\c@section=\count81
\c@subsection=\count82
\c@subsubsection=\count83
\c@paragraph=\count84
\c@subparagraph=\count85
LaTeX Info: Redefining \textsubscript on input line 3906.
\abovecaptionskip=\skip46
\belowcaptionskip=\skip47
\c@pti@nb@sid@b@x=\box26
\c@figure=\count86
\c@table=\count87
\bibindent=\dimen102
) (/usr/share/texlive/texmf-dist/tex/latex/base/fontenc.sty
Package: fontenc 2005/09/27 v1.99g Standard LaTeX package

(/usr/share/texlive/texmf-dist/tex/latex/base/t1enc.def
File: t1enc.def 2005/09/27 v1.99g Standard LaTeX file
LaTeX Font Info:    Redeclaring font encoding T1 on input line 48.
))
(/usr/share/texlive/texmf-dist/tex/latex/fourier/fourier.sty
Package: fourier 2005/01/01 1.4 fourier-GUTenberg package

(/usr/share/texlive/texmf-dist/tex/latex/base/fontenc.sty
Package: fontenc 2005/09/27 v1.99g Standard LaTeX package

(/usr/share/texlive/texmf-dist/tex/latex/base/t1enc.def
File: t1enc.def 2005/09/27 v1.99g Standard LaTeX file
LaTeX Font Info:    Redeclaring font encoding T1 on input line 48.
))
(/usr/share/texlive/texmf-dist/tex/latex/base/textcomp.sty
Package: textcomp 2005/09/27 v1.99g Standard LaTeX package
Package textcomp Info: Sub-encoding information:
(textcomp)               5 = only ISO-Adobe without \textcurrency
(textcomp)               4 = 5 + \texteuro
(textcomp)               3 = 4 + \textohm
(textcomp)               2 = 3 + \textestimated + \textcurrency
(textcomp)               1 = TS1 - \textcircled - \t
(textcomp)               0 = TS1 (full)
(textcomp)             Font families with sub-encoding setting implement
(textcomp)             only a restricted character set as indicated.
(textcomp)             Family '?' is the default used for unknown fonts.
(textcomp)             See the documentation for details.
Package textcomp Info: Setting ? sub-encoding to TS1/1 on input line 79.

(/usr/share/texlive/texmf-dist/tex/latex/base/ts1enc.def
File: ts1enc.def 2001/06/05 v3.0e (jk/car/fm) Standard LaTeX file
)
LaTeX Info: Redefining \oldstylenums on input line 334.
Package textcomp Info: Setting cmr sub-encoding to TS1/0 on input line 349.
Package textcomp Info: Setting cmss sub-encoding to TS1/0 on input line 350.
Package textcomp Info: Setting cmtt sub-encoding to TS1/0 on input line 351.
Package textcomp Info: Setting cmvtt sub-encoding to TS1/0 on input line 352.
Package textcomp Info: Setting cmbr sub-encoding to TS1/0 on input line 353.
Package textcomp Info: Setting cmtl sub-encoding to TS1/0 on input line 354.
Package textcomp Info: Setting ccr sub-encoding to TS1/0 on input line 355.
Package textcomp Info: Setting ptm sub-encoding to TS1/4 on input line 356.
Package textcomp Info: Setting pcr sub-encoding to TS1/4 on input line 357.
Package textcomp Info: Setting phv sub-encoding to TS1/4 on input line 358.
Package textcomp Info: Setting ppl sub-encoding to TS1/3 on input line 359.
Package textcomp Info: Setting pag sub-encoding to TS1/4 on input line 360.
Package textcomp Info: Setting pbk sub-encoding to TS1/4 on input line 361.
Package textcomp Info: Setting pnc sub-encoding to TS1/4 on input line 362.
Package textcomp Info: Setting pzc sub-encoding to TS1/4 on input line 363.
Package textcomp Info: Setting bch sub-encoding to TS1/4 on input line 364.
Package textcomp Info: Setting put sub-encoding to TS1/5 on input line 365.
Package textcomp Info: Setting uag sub-encoding to TS1/5 on input line 366.
Package textcomp Info: Setting ugq sub-encoding to TS1/5 on input line 367.
Package textcomp Info: Setting ul8 sub-encoding to TS1/4 on input line 368.
Package textcomp Info: Setting ul9 sub-encoding to TS1/4 on input line 369.
Package textcomp Info: Setting augie sub-encoding to TS1/5 on input line 370.
Package textcomp Info: Setting dayrom sub-encoding to TS1/3 on input line 371.
Package textcomp Info: Setting dayroms sub-encoding to TS1/3 on input line 372.

Package textcomp Info: Setting pxr sub-encoding to TS1/0 on input line 373.
Package textcomp Info: Setting pxss sub-encoding to TS1/0 on input line 374.
Package textcomp Info: Setting pxtt sub-encoding to TS1/0 on input line 375.
Package textcomp Info: Setting txr sub-encoding to TS1/0 on input line 376.
Package textcomp Info: Setting txss sub-encoding to TS1/0 on input line 377.
Package textcomp Info: Setting txtt sub-encoding to TS1/0 on input line 378.
Package textcomp Info: Setting lmr sub-encoding to TS1/0 on input line 379.
Package textcomp Info: Setting lmdh sub-encoding to TS1/0 on input line 380.
Package textcomp Info: Setting lmss sub-encoding to TS1/0 on input line 381.
Package textcomp Info: Setting lmssq sub-encoding to TS1/0 on input line 382.
Package textcomp Info: Setting lmvtt sub-encoding to TS1/0 on input line 383.
Package textcomp Info: Setting lmtt sub-encoding to TS1/0 on input line 384.
Package textcomp Info: Setting qhv sub-encoding to TS1/0 on input line 385.
Package textcomp Info: Setting qag sub-encoding to TS1/0 on input line 386.
Package textcomp Info: Setting qbk sub-encoding to TS1/0 on input line 387.
Package textcomp Info: Setting qcr sub-encoding to TS1/0 on input line 388.
Package textcomp Info: Setting qcs sub-encoding to TS1/0 on input line 389.
Package textcomp Info: Setting qpl sub-encoding to TS1/0 on input line 390.
Package textcomp Info: Setting qtm sub-encoding to TS1/0 on input line 391.
Package textcomp Info: Setting qzc sub-encoding to TS1/0 on input line 392.
Package textcomp Info: Setting qhvc sub-encoding to TS1/0 on input line 393.
Package textcomp Info: Setting futs sub-encoding to TS1/4 on input line 394.
Package textcomp Info: Setting futx sub-encoding to TS1/4 on input line 395.
Package textcomp Info: Setting futj sub-encoding to TS1/4 on input line 396.
Package textcomp Info: Setting hlh sub-encoding to TS1/3 on input line 397.
Package textcomp Info: Setting hls sub-encoding to TS1/3 on input line 398.
Package textcomp Info: Setting hlst sub-encoding to TS1/3 on input line 399.
Package textcomp Info: Setting hlct sub-encoding to TS1/5 on input line 400.
Package textcomp Info: Setting hlx sub-encoding to TS1/5 on input line 401.
Package textcomp Info: Setting hlce sub-encoding to TS1/5 on input line 402.
Package textcomp Info: Setting hlcn sub-encoding to TS1/5 on input line 403.
Package textcomp Info: Setting hlcw sub-encoding to TS1/5 on input line 404.
Package textcomp Info: Setting hlcf sub-encoding to TS1/5 on input line 405.
Package textcomp Info: Setting pplx sub-encoding to TS1/3 on input line 406.
Package textcomp Info: Setting pplj sub-encoding to TS1/3 on input line 407.
Package textcomp Info: Setting ptmx sub-encoding to TS1/4 on input line 408.
Package textcomp Info: Setting ptmj sub-encoding to TS1/4 on input line 409.
)
(/usr/share/texlive/texmf-dist/tex/latex/fourier/fourier-orns.sty
Package: fourier-orns 2004/01/30 1.1 fourier-ornaments package
)
LaTeX Font Info:    Redeclaring symbol font `operators' on input line 50.
LaTeX Font Info:    Encoding `OT1' has changed to `T1' for symbol font
(Font)              `operators' in the math version `normal' on input line 50.
LaTeX Font Info:    Overwriting symbol font `operators' in version `normal'
(Font)                  OT1/cmr/m/n --> T1/futs/m/n on input line 50.
LaTeX Font Info:    Encoding `OT1' has changed to `T1' for symbol font
(Font)              `operators' in the math version `bold' on input line 50.
LaTeX Font Info:    Overwriting symbol font `operators' in version `bold'
(Font)                  OT1/cmr/bx/n --> T1/futs/m/n on input line 50.
LaTeX Font Info:    Overwriting symbol font `operators' in version `bold'
(Font)                  T1/futs/m/n --> T1/futs/b/n on input line 51.
LaTeX Font Info:    Redeclaring symbol font `letters' on input line 59.
LaTeX Font Info:    Encoding `OML' has changed to `FML' for symbol font
(Font)              `letters' in the math version `normal' on input line 59.
LaTeX Font Info:    Overwriting symbol font `letters' in version `normal'
(Font)                  OML/cmm/m/it --> FML/futmi/m/it on input line 59.
LaTeX Font Info:    Encoding `OML' has changed to `FML' for symbol font
(Font)              `letters' in the math version `bold' on input line 59.
LaTeX Font Info:    Overwriting symbol font `letters' in version `bold'
(Font)                  OML/cmm/b/it --> FML/futmi/m/it on input line 59.
\symotherletters=\mathgroup4
LaTeX Font Info:    Overwriting symbol font `letters' in version `bold'
(Font)                  FML/futmi/m/it --> FML/futmi/b/it on input line 61.
LaTeX Font Info:    Overwriting symbol font `otherletters' in version `bold'
(Font)                  FML/futm/m/it --> FML/futm/b/it on input line 62.
LaTeX Font Info:    Redeclaring math symbol \Gamma on input line 63.
LaTeX Font Info:    Redeclaring math symbol \Delta on input line 64.
LaTeX Font Info:    Redeclaring math symbol \Theta on input line 65.
LaTeX Font Info:    Redeclaring math symbol \Lambda on input line 66.
LaTeX Font Info:    Redeclaring math symbol \Xi on input line 67.
LaTeX Font Info:    Redeclaring math symbol \Pi on input line 68.
LaTeX Font Info:    Redeclaring math symbol \Sigma on input line 69.
LaTeX Font Info:    Redeclaring math symbol \Upsilon on input line 70.
LaTeX Font Info:    Redeclaring math symbol \Phi on input line 71.
LaTeX Font Info:    Redeclaring math symbol \Psi on input line 72.
LaTeX Font Info:    Redeclaring math symbol \Omega on input line 73.
LaTeX Font Info:    Redeclaring symbol font `symbols' on input line 113.
LaTeX Font Info:    Encoding `OMS' has changed to `FMS' for symbol font
(Font)              `symbols' in the math version `normal' on input line 113.
LaTeX Font Info:    Overwriting symbol font `symbols' in version `normal'
(Font)                  OMS/cmsy/m/n --> FMS/futm/m/n on input line 113.
LaTeX Font Info:    Encoding `OMS' has changed to `FMS' for symbol font
(Font)              `symbols' in the math version `bold' on input line 113.
LaTeX Font Info:    Overwriting symbol font `symbols' in version `bold'
(Font)                  OMS/cmsy/b/n --> FMS/futm/m/n on input line 113.
LaTeX Font Info:    Redeclaring symbol font `largesymbols' on input line 114.
LaTeX Font Info:    Encoding `OMX' has changed to `FMX' for symbol font
(Font)              `largesymbols' in the math version `normal' on input line 1
14.
LaTeX Font Info:    Overwriting symbol font `largesymbols' in version `normal'
(Font)                  OMX/cmex/m/n --> FMX/futm/m/n on input line 114.
LaTeX Font Info:    Encoding `OMX' has changed to `FMX' for symbol font
(Font)              `largesymbols' in the math version `bold' on input line 114
.
LaTeX Font Info:    Overwriting symbol font `largesymbols' in version `bold'
(Font)                  OMX/cmex/m/n --> FMX/futm/m/n on input line 114.
LaTeX Font Info:    Redeclaring math alphabet \mathbf on input line 115.
LaTeX Font Info:    Overwriting math alphabet `\mathbf' in version `normal'
(Font)                  OT1/cmr/bx/n --> T1/futs/bx/n on input line 115.
LaTeX Font Info:    Overwriting math alphabet `\mathbf' in version `bold'
(Font)                  OT1/cmr/bx/n --> T1/futs/bx/n on input line 115.
LaTeX Font Info:    Redeclaring math alphabet \mathrm on input line 116.
LaTeX Font Info:    Redeclaring math alphabet \mathit on input line 117.
LaTeX Font Info:    Overwriting math alphabet `\mathit' in version `normal'
(Font)                  OT1/cmr/m/it --> T1/futs/m/it on input line 117.
LaTeX Font Info:    Overwriting math alphabet `\mathit' in version `bold'
(Font)                  OT1/cmr/bx/it --> T1/futs/m/it on input line 117.
LaTeX Font Info:    Redeclaring math alphabet \mathcal on input line 118.
LaTeX Font Info:    Redeclaring math symbol \parallel on input line 134.
LaTeX Font Info:    Redeclaring math symbol \hbar on input line 148.
LaTeX Font Info:    Redeclaring math symbol \varkappa on input line 186.
LaTeX Font Info:    Redeclaring math symbol \varvarrho on input line 187.
LaTeX Font Info:    Redeclaring math delimiter \Vert on input line 210.
LaTeX Font Info:    Redeclaring math delimiter \vert on input line 215.
LaTeX Font Info:    Redeclaring math delimiter \Downarrow on input line 225.
LaTeX Font Info:    Redeclaring math delimiter \backslash on input line 227.
LaTeX Font Info:    Redeclaring math delimiter \rangle on input line 229.
LaTeX Font Info:    Redeclaring math delimiter \langle on input line 231.
LaTeX Font Info:    Redeclaring math delimiter \rbrace on input line 233.
LaTeX Font Info:    Redeclaring math delimiter \lbrace on input line 235.
LaTeX Font Info:    Redeclaring math delimiter \rceil on input line 237.
LaTeX Font Info:    Redeclaring math delimiter \lceil on input line 239.
LaTeX Font Info:    Redeclaring math delimiter \rfloor on input line 241.
LaTeX Font Info:    Redeclaring math delimiter \lfloor on input line 243.
LaTeX Font Info:    Redeclaring math accent \acute on input line 247.
LaTeX Font Info:    Redeclaring math accent \grave on input line 248.
LaTeX Font Info:    Redeclaring math accent \ddot on input line 249.
LaTeX Font Info:    Redeclaring math accent \tilde on input line 250.
LaTeX Font Info:    Redeclaring math accent \bar on input line 251.
LaTeX Font Info:    Redeclaring math accent \breve on input line 252.
LaTeX Font Info:    Redeclaring math accent \check on input line 253.
LaTeX Font Info:    Redeclaring math accent \hat on input line 254.
LaTeX Font Info:    Redeclaring math accent \dot on input line 255.
LaTeX Font Info:    Redeclaring math accent \mathring on input line 256.
\symUfutm=\mathgroup5
)
(/usr/share/texlive/texmf-dist/tex/generic/babel/babel.sty
Package: babel 2016/02/24 3.9q The Babel package

(/usr/share/texlive/texmf-dist/tex/generic/babel-english/english.ldf
Language: english 2012/08/20 v3.3p English support from the babel system

(/usr/share/texlive/texmf-dist/tex/generic/babel/babel.def
File: babel.def 2016/02/24 3.9q Babel common definitions
\babel@savecnt=\count88
\U@D=\dimen103
)
\l@canadian = a dialect from \language\l@american 
\l@australian = a dialect from \language\l@british 
\l@newzealand = a dialect from \language\l@british 
))
(/usr/share/texlive/texmf-dist/tex/latex/microtype/microtype.sty
Package: microtype 2013/05/23 v2.5a Micro-typographical refinements (RS)
\MT@toks=\toks15
\MT@count=\count89
LaTeX Info: Redefining \textls on input line 766.
\MT@outer@kern=\dimen104
LaTeX Info: Redefining \textmicrotypecontext on input line 1285.
\MT@listname@count=\count90

(/usr/share/texlive/texmf-dist/tex/latex/microtype/microtype-pdftex.def
File: microtype-pdftex.def 2013/05/23 v2.5a Definitions specific to pdftex (RS)

LaTeX Info: Redefining \lsstyle on input line 915.
LaTeX Info: Redefining \lslig on input line 915.
\MT@outer@space=\skip48
)
Package microtype Info: Loading configuration file microtype.cfg.

(/usr/share/texlive/texmf-dist/tex/latex/microtype/microtype.cfg
File: microtype.cfg 2013/05/23 v2.5a microtype main configuration file (RS)
))
(/usr/share/texlive/texmf-dist/tex/latex/amsmath/amsmath.sty
Package: amsmath 2016/03/03 v2.15a AMS math features
\@mathmargin=\skip49

For additional information on amsmath, use the `?' option.
(/usr/share/texlive/texmf-dist/tex/latex/amsmath/amstext.sty
Package: amstext 2000/06/29 v2.01 AMS text

(/usr/share/texlive/texmf-dist/tex/latex/amsmath/amsgen.sty
File: amsgen.sty 1999/11/30 v2.0 generic functions
\@emptytoks=\toks16
\ex@=\dimen105
))
(/usr/share/texlive/texmf-dist/tex/latex/amsmath/amsbsy.sty
Package: amsbsy 1999/11/29 v1.2d Bold Symbols
\pmbraise@=\dimen106
)
(/usr/share/texlive/texmf-dist/tex/latex/amsmath/amsopn.sty
Package: amsopn 1999/12/14 v2.01 operator names
)
\inf@bad=\count91
LaTeX Info: Redefining \frac on input line 199.
\uproot@=\count92
\leftroot@=\count93
LaTeX Info: Redefining \overline on input line 297.
\classnum@=\count94
\DOTSCASE@=\count95
LaTeX Info: Redefining \ldots on input line 394.
LaTeX Info: Redefining \dots on input line 397.
LaTeX Info: Redefining \cdots on input line 518.
\Mathstrutbox@=\box27
\strutbox@=\box28
\big@size=\dimen107
LaTeX Font Info:    Redeclaring font encoding OML on input line 630.
LaTeX Font Info:    Redeclaring font encoding OMS on input line 631.
\macc@depth=\count96
\c@MaxMatrixCols=\count97
\dotsspace@=\muskip10
\c@parentequation=\count98
\dspbrk@lvl=\count99
\tag@help=\toks17
\row@=\count100
\column@=\count101
\maxfields@=\count102
\andhelp@=\toks18
\eqnshift@=\dimen108
\alignsep@=\dimen109
\tagshift@=\dimen110
\tagwidth@=\dimen111
\totwidth@=\dimen112
\lineht@=\dimen113
\@envbody=\toks19
\multlinegap=\skip50
\multlinetaggap=\skip51
\mathdisplay@stack=\toks20
LaTeX Info: Redefining \[ on input line 2735.
LaTeX Info: Redefining \] on input line 2736.
)
(/usr/share/texlive/texmf-dist/tex/latex/amsfonts/amsfonts.sty
Package: amsfonts 2013/01/14 v3.01 Basic AMSFonts support
\symAMSa=\mathgroup6
\symAMSb=\mathgroup7
LaTeX Font Info:    Overwriting math alphabet `\mathfrak' in version `bold'
(Font)                  U/euf/m/n --> U/euf/b/n on input line 106.
LaTeX Font Info:    Redeclaring math symbol \square on input line 141.
)
(/usr/share/texlive/texmf-dist/tex/latex/amscls/amsthm.sty
Package: amsthm 2015/03/04 v2.20.2
\thm@style=\toks21
\thm@bodyfont=\toks22
\thm@headfont=\toks23
\thm@notefont=\toks24
\thm@headpunct=\toks25
\thm@preskip=\skip52
\thm@postskip=\skip53
\thm@headsep=\skip54
\dth@everypar=\toks26
)
(/usr/share/texlive/texmf-dist/tex/latex/graphics/graphicx.sty
Package: graphicx 2014/10/28 v1.0g Enhanced LaTeX Graphics (DPC,SPQR)

(/usr/share/texlive/texmf-dist/tex/latex/graphics/graphics.sty
Package: graphics 2016/01/03 v1.0q Standard LaTeX Graphics (DPC,SPQR)

(/usr/share/texlive/texmf-dist/tex/latex/graphics/trig.sty
Package: trig 2016/01/03 v1.10 sin cos tan (DPC)
)
(/usr/share/texlive/texmf-dist/tex/latex/latexconfig/graphics.cfg
File: graphics.cfg 2010/04/23 v1.9 graphics configuration of TeX Live
)
Package graphics Info: Driver file: pdftex.def on input line 95.

(/usr/share/texlive/texmf-dist/tex/latex/pdftex-def/pdftex.def
File: pdftex.def 2011/05/27 v0.06d Graphics/color for pdfTeX

(/usr/share/texlive/texmf-dist/tex/generic/oberdiek/infwarerr.sty
Package: infwarerr 2010/04/08 v1.3 Providing info/warning/error messages (HO)
)
(/usr/share/texlive/texmf-dist/tex/generic/oberdiek/ltxcmds.sty
Package: ltxcmds 2011/11/09 v1.22 LaTeX kernel commands for general use (HO)
)
\Gread@gobject=\count103
))
\Gin@req@height=\dimen114
\Gin@req@width=\dimen115
)
(/usr/share/texlive/texmf-dist/tex/latex/url/url.sty
\Urlmuskip=\muskip11
Package: url 2013/09/16  ver 3.4  Verb mode for urls, etc.
)
(/usr/share/texlive/texmf-dist/tex/latex/graphics/color.sty
Package: color 2016/01/03 v1.1b Standard LaTeX Color (DPC)

(/usr/share/texlive/texmf-dist/tex/latex/latexconfig/color.cfg
File: color.cfg 2007/01/18 v1.5 color configuration of teTeX/TeXLive
)
Package color Info: Driver file: pdftex.def on input line 143.
)
(/usr/share/texlive/texmf-dist/tex/latex/xcolor/xcolor.sty
Package: xcolor 2007/01/21 v2.11 LaTeX color extensions (UK)

(/usr/share/texlive/texmf-dist/tex/latex/latexconfig/color.cfg
File: color.cfg 2007/01/18 v1.5 color configuration of teTeX/TeXLive
)
Package xcolor Info: Driver file: pdftex.def on input line 225.
LaTeX Info: Redefining \color on input line 702.
Package xcolor Info: Model `cmy' substituted by `cmy0' on input line 1337.
Package xcolor Info: Model `hsb' substituted by `rgb' on input line 1341.
Package xcolor Info: Model `RGB' extended on input line 1353.
Package xcolor Info: Model `HTML' substituted by `rgb' on input line 1355.
Package xcolor Info: Model `Hsb' substituted by `hsb' on input line 1356.
Package xcolor Info: Model `tHsb' substituted by `hsb' on input line 1357.
Package xcolor Info: Model `HSB' substituted by `hsb' on input line 1358.
Package xcolor Info: Model `Gray' substituted by `gray' on input line 1359.
Package xcolor Info: Model `wave' substituted by `hsb' on input line 1360.

(/usr/share/texlive/texmf-dist/tex/latex/graphics/dvipsnam.def
File: dvipsnam.def 2015/12/30 v3.0k Driver-dependent file (DPC,SPQR)
))
(/usr/share/texlive/texmf-dist/tex/latex/subfig/subfig.sty
Package: subfig 2005/06/28 ver: 1.3 subfig package

(/usr/share/texlive/texmf-dist/tex/latex/caption/caption.sty
Package: caption 2016/02/21 v3.3-144 Customizing captions (AR)

(/usr/share/texlive/texmf-dist/tex/latex/caption/caption3.sty
Package: caption3 2016/02/04 v1.7-139 caption3 kernel (AR)
Package caption3 Info: TeX engine: e-TeX on input line 67.
\captionmargin=\dimen116
\captionmargin@=\dimen117
\captionwidth=\dimen118
\caption@tempdima=\dimen119
\caption@indent=\dimen120
\caption@parindent=\dimen121
\caption@hangindent=\dimen122
)
Package caption Info: KOMA-Script document class.
\c@ContinuedFloat=\count104
)
\c@KVtest=\count105
\sf@farskip=\skip55
\sf@captopadj=\dimen123
\sf@capskip=\skip56
\sf@nearskip=\skip57
\c@subfigure=\count106
\c@subfigure@save=\count107
\c@lofdepth=\count108
\c@subtable=\count109
\c@subtable@save=\count110
\c@lotdepth=\count111
\sf@top=\skip58
\sf@bottom=\skip59
)
(/usr/share/texlive/texmf-dist/tex/latex/float/float.sty
Package: float 2001/11/08 v1.3d Float enhancements (AL)
\c@float@type=\count112
\float@exts=\toks27
\float@box=\box29
\@float@everytoks=\toks28
\@floatcapt=\box30
)
(/usr/share/texlive/texmf-dist/tex/generic/oberdiek/alphalph.sty
Package: alphalph 2011/05/13 v2.4 Convert numbers to letters (HO)

(/usr/share/texlive/texmf-dist/tex/generic/oberdiek/intcalc.sty
Package: intcalc 2007/09/27 v1.1 Expandable calculations with integers (HO)
))
(/usr/share/texlive/texmf-dist/tex/latex/sectsty/sectsty.sty
Package: sectsty 2002/02/25 v2.0.2 Commands to change all sectional heading sty
les
)

Class scrartcl Warning: Usage of package `fancyhdr' together
(scrartcl)              with a KOMA-Script class is not recommended.
(scrartcl)              I'd suggest to use 
(scrartcl)              package `scrlayer-scrpage'.
(scrartcl)              Nevertheless, using requested
(scrartcl)              package `fancyhdr' on input line 33.

(/usr/share/texlive/texmf-dist/tex/latex/fancyhdr/fancyhdr.sty
\fancy@headwidth=\skip60
\f@ncyO@elh=\skip61
\f@ncyO@erh=\skip62
\f@ncyO@olh=\skip63
\f@ncyO@orh=\skip64
\f@ncyO@elf=\skip65
\f@ncyO@erf=\skip66
\f@ncyO@olf=\skip67
\f@ncyO@orf=\skip68
)
(/usr/share/texlive/texmf-dist/tex/latex/hyperref/hyperref.sty
Package: hyperref 2012/11/06 v6.83m Hypertext links for LaTeX

(/usr/share/texlive/texmf-dist/tex/generic/oberdiek/hobsub-hyperref.sty
Package: hobsub-hyperref 2012/05/28 v1.13 Bundle oberdiek, subset hyperref (HO)


(/usr/share/texlive/texmf-dist/tex/generic/oberdiek/hobsub-generic.sty
Package: hobsub-generic 2012/05/28 v1.13 Bundle oberdiek, subset generic (HO)
Package: hobsub 2012/05/28 v1.13 Construct package bundles (HO)
Package hobsub Info: Skipping package `infwarerr' (already loaded).
Package hobsub Info: Skipping package `ltxcmds' (already loaded).
Package: ifluatex 2010/03/01 v1.3 Provides the ifluatex switch (HO)
Package ifluatex Info: LuaTeX not detected.
Package: ifvtex 2010/03/01 v1.5 Detect VTeX and its facilities (HO)
Package ifvtex Info: VTeX not detected.
Package hobsub Info: Skipping package `intcalc' (already loaded).
Package: ifpdf 2011/01/30 v2.3 Provides the ifpdf switch (HO)
Package ifpdf Info: pdfTeX in PDF mode is detected.
Package: etexcmds 2011/02/16 v1.5 Avoid name clashes with e-TeX commands (HO)
Package etexcmds Info: Could not find \expanded.
(etexcmds)             That can mean that you are not using pdfTeX 1.50 or
(etexcmds)             that some package has redefined \expanded.
(etexcmds)             In the latter case, load this package earlier.
Package: kvsetkeys 2012/04/25 v1.16 Key value parser (HO)
Package: kvdefinekeys 2011/04/07 v1.3 Define keys (HO)
Package: pdftexcmds 2011/11/29 v0.20 Utility functions of pdfTeX for LuaTeX (HO
)
Package pdftexcmds Info: LuaTeX not detected.
Package pdftexcmds Info: \pdf@primitive is available.
Package pdftexcmds Info: \pdf@ifprimitive is available.
Package pdftexcmds Info: \pdfdraftmode found.
Package: pdfescape 2011/11/25 v1.13 Implements pdfTeX's escape features (HO)
Package: bigintcalc 2012/04/08 v1.3 Expandable calculations on big integers (HO
)
Package: bitset 2011/01/30 v1.1 Handle bit-vector datatype (HO)
Package: uniquecounter 2011/01/30 v1.2 Provide unlimited unique counter (HO)
)
Package hobsub Info: Skipping package `hobsub' (already loaded).
Package: letltxmacro 2010/09/02 v1.4 Let assignment for LaTeX macros (HO)
Package: hopatch 2012/05/28 v1.2 Wrapper for package hooks (HO)
Package: xcolor-patch 2011/01/30 xcolor patch
Package: atveryend 2011/06/30 v1.8 Hooks at the very end of document (HO)
Package atveryend Info: \enddocument detected (standard20110627).
Package: atbegshi 2011/10/05 v1.16 At begin shipout hook (HO)
Package: refcount 2011/10/16 v3.4 Data extraction from label references (HO)
Package: hycolor 2011/01/30 v1.7 Color options for hyperref/bookmark (HO)
)
(/usr/share/texlive/texmf-dist/tex/generic/ifxetex/ifxetex.sty
Package: ifxetex 2010/09/12 v0.6 Provides ifxetex conditional
)
(/usr/share/texlive/texmf-dist/tex/latex/oberdiek/auxhook.sty
Package: auxhook 2011/03/04 v1.3 Hooks for auxiliary files (HO)
)
(/usr/share/texlive/texmf-dist/tex/latex/oberdiek/kvoptions.sty
Package: kvoptions 2011/06/30 v3.11 Key value format for package options (HO)
)
\@linkdim=\dimen124
\Hy@linkcounter=\count113
\Hy@pagecounter=\count114

(/usr/share/texlive/texmf-dist/tex/latex/hyperref/pd1enc.def
File: pd1enc.def 2012/11/06 v6.83m Hyperref: PDFDocEncoding definition (HO)
)
\Hy@SavedSpaceFactor=\count115

(/usr/share/texlive/texmf-dist/tex/latex/latexconfig/hyperref.cfg
File: hyperref.cfg 2002/06/06 v1.2 hyperref configuration of TeXLive
)
Package hyperref Info: Hyper figures OFF on input line 4443.
Package hyperref Info: Link nesting OFF on input line 4448.
Package hyperref Info: Hyper index ON on input line 4451.
Package hyperref Info: Plain pages OFF on input line 4458.
Package hyperref Info: Backreferencing OFF on input line 4463.
Package hyperref Info: Implicit mode ON; LaTeX internals redefined.
Package hyperref Info: Bookmarks ON on input line 4688.
\c@Hy@tempcnt=\count116
LaTeX Info: Redefining \url on input line 5041.
\XeTeXLinkMargin=\dimen125
\Fld@menulength=\count117
\Field@Width=\dimen126
\Fld@charsize=\dimen127
Package hyperref Info: Hyper figures OFF on input line 6295.
Package hyperref Info: Link nesting OFF on input line 6300.
Package hyperref Info: Hyper index ON on input line 6303.
Package hyperref Info: backreferencing OFF on input line 6310.
Package hyperref Info: Link coloring OFF on input line 6315.
Package hyperref Info: Link coloring with OCG OFF on input line 6320.
Package hyperref Info: PDF/A mode OFF on input line 6325.
LaTeX Info: Redefining \ref on input line 6365.
LaTeX Info: Redefining \pageref on input line 6369.
\Hy@abspage=\count118
\c@Item=\count119
\c@Hfootnote=\count120
)

Package hyperref Message: Driver (autodetected): hpdftex.

(/usr/share/texlive/texmf-dist/tex/latex/hyperref/hpdftex.def
File: hpdftex.def 2012/11/06 v6.83m Hyperref driver for pdfTeX
\Fld@listcount=\count121
\c@bookmark@seq@number=\count122

(/usr/share/texlive/texmf-dist/tex/latex/oberdiek/rerunfilecheck.sty
Package: rerunfilecheck 2011/04/15 v1.7 Rerun checks for auxiliary files (HO)
Package uniquecounter Info: New unique counter `rerunfilecheck' on input line 2
82.
)
\Hy@SectionHShift=\skip69
)
(./Report.aux

LaTeX Warning: Label `fig:f1' multiply defined.


LaTeX Warning: Label `sub@fig:f1' multiply defined.


LaTeX Warning: Label `fig:f2' multiply defined.


LaTeX Warning: Label `sub@fig:f2' multiply defined.


LaTeX Warning: Label `fig:f1' multiply defined.


LaTeX Warning: Label `sub@fig:f1' multiply defined.


LaTeX Warning: Label `fig:f2' multiply defined.


LaTeX Warning: Label `sub@fig:f2' multiply defined.


LaTeX Warning: Label `fig:f1' multiply defined.


LaTeX Warning: Label `sub@fig:f1' multiply defined.


LaTeX Warning: Label `fig:f2' multiply defined.


LaTeX Warning: Label `sub@fig:f2' multiply defined.


LaTeX Warning: Label `fig:f1' multiply defined.


LaTeX Warning: Label `sub@fig:f1' multiply defined.


LaTeX Warning: Label `fig:f2' multiply defined.


LaTeX Warning: Label `sub@fig:f2' multiply defined.


LaTeX Warning: Label `fig:f1' multiply defined.


LaTeX Warning: Label `sub@fig:f1' multiply defined.


LaTeX Warning: Label `fig:f2' multiply defined.


LaTeX Warning: Label `sub@fig:f2' multiply defined.


LaTeX Warning: Label `fig:f1' multiply defined.


LaTeX Warning: Label `sub@fig:f1' multiply defined.


LaTeX Warning: Label `fig:f2' multiply defined.


LaTeX Warning: Label `sub@fig:f2' multiply defined.


LaTeX Warning: Label `fig:f1' multiply defined.


LaTeX Warning: Label `sub@fig:f1' multiply defined.


LaTeX Warning: Label `fig:f2' multiply defined.


LaTeX Warning: Label `sub@fig:f2' multiply defined.


LaTeX Warning: Label `fig:f1' multiply defined.


LaTeX Warning: Label `sub@fig:f1' multiply defined.


LaTeX Warning: Label `fig:f2' multiply defined.


LaTeX Warning: Label `sub@fig:f2' multiply defined.


LaTeX Warning: Label `fig:f1' multiply defined.


LaTeX Warning: Label `sub@fig:f1' multiply defined.


LaTeX Warning: Label `fig:f2' multiply defined.


LaTeX Warning: Label `sub@fig:f2' multiply defined.


LaTeX Warning: Label `fig:f1' multiply defined.


LaTeX Warning: Label `sub@fig:f1' multiply defined.


LaTeX Warning: Label `fig:f2' multiply defined.


LaTeX Warning: Label `sub@fig:f2' multiply defined.


LaTeX Warning: Label `fig:f1' multiply defined.


LaTeX Warning: Label `sub@fig:f1' multiply defined.


LaTeX Warning: Label `fig:f2' multiply defined.


LaTeX Warning: Label `sub@fig:f2' multiply defined.


LaTeX Warning: Label `fig:f1' multiply defined.


LaTeX Warning: Label `sub@fig:f1' multiply defined.


LaTeX Warning: Label `fig:f2' multiply defined.


LaTeX Warning: Label `sub@fig:f2' multiply defined.


LaTeX Warning: Label `fig:f1' multiply defined.


LaTeX Warning: Label `sub@fig:f1' multiply defined.


LaTeX Warning: Label `fig:f2' multiply defined.


LaTeX Warning: Label `sub@fig:f2' multiply defined.


LaTeX Warning: Label `fig:f1' multiply defined.


LaTeX Warning: Label `sub@fig:f1' multiply defined.


LaTeX Warning: Label `fig:f2' multiply defined.


LaTeX Warning: Label `sub@fig:f2' multiply defined.


LaTeX Warning: Label `fig:f1' multiply defined.


LaTeX Warning: Label `sub@fig:f1' multiply defined.


LaTeX Warning: Label `fig:f2' multiply defined.


LaTeX Warning: Label `sub@fig:f2' multiply defined.


LaTeX Warning: Label `fig:f1' multiply defined.


LaTeX Warning: Label `fig:f2' multiply defined.


LaTeX Warning: Label `fig:f1' multiply defined.


LaTeX Warning: Label `sub@fig:f1' multiply defined.


LaTeX Warning: Label `fig:f2' multiply defined.


LaTeX Warning: Label `sub@fig:f2' multiply defined.


LaTeX Warning: Label `fig:f2' multiply defined.


LaTeX Warning: Label `fig:f2' multiply defined.


LaTeX Warning: Label `fig:f2' multiply defined.


LaTeX Warning: Label `fig:f2' multiply defined.


LaTeX Warning: Label `T:equipos' multiply defined.


LaTeX Warning: Label `T:equipos' multiply defined.


LaTeX Warning: Label `T:equipos' multiply defined.


LaTeX Warning: Label `T:equipos' multiply defined.


LaTeX Warning: Label `T:equipos' multiply defined.


LaTeX Warning: Label `T:equipos' multiply defined.


LaTeX Warning: Label `T:equipos' multiply defined.


LaTeX Warning: Label `k=50: cluster vs label' multiply defined.


LaTeX Warning: Label `k=50: f1 vs f2' multiply defined.


LaTeX Warning: Label `T:equipos' multiply defined.


LaTeX Warning: Label `T:equipos' multiply defined.


LaTeX Warning: Label `T:equipos' multiply defined.


LaTeX Warning: Label `T:equipos' multiply defined.


LaTeX Warning: Label `T:equipos' multiply defined.


LaTeX Warning: Label `T:equipos' multiply defined.


LaTeX Warning: Label `T:equipos' multiply defined.


LaTeX Warning: Label `T:equipos' multiply defined.


LaTeX Warning: Label `T:equipos' multiply defined.


LaTeX Warning: Label `T:equipos' multiply defined.


LaTeX Warning: Label `T:equipos' multiply defined.


LaTeX Warning: Label `T:equipos' multiply defined.


LaTeX Warning: Label `T:equipos' multiply defined.


LaTeX Warning: Label `T:equipos' multiply defined.


LaTeX Warning: Label `T:equipos' multiply defined.


LaTeX Warning: Label `T:equipos' multiply defined.


LaTeX Warning: Label `T:equipos' multiply defined.


LaTeX Warning: Label `T:equipos' multiply defined.


LaTeX Warning: Label `T:equipos' multiply defined.

)
\openout1 = `Report.aux'.

LaTeX Font Info:    Checking defaults for OML/cmm/m/it on input line 71.
LaTeX Font Info:    ... okay on input line 71.
LaTeX Font Info:    Checking defaults for T1/cmr/m/n on input line 71.
LaTeX Font Info:    ... okay on input line 71.
LaTeX Font Info:    Checking defaults for OT1/cmr/m/n on input line 71.
LaTeX Font Info:    ... okay on input line 71.
LaTeX Font Info:    Checking defaults for OMS/cmsy/m/n on input line 71.
LaTeX Font Info:    ... okay on input line 71.
LaTeX Font Info:    Checking defaults for OMX/cmex/m/n on input line 71.
LaTeX Font Info:    ... okay on input line 71.
LaTeX Font Info:    Checking defaults for U/cmr/m/n on input line 71.
LaTeX Font Info:    ... okay on input line 71.
LaTeX Font Info:    Checking defaults for FML/futm/m/it on input line 71.
LaTeX Font Info:    Try loading font information for FML+futm on input line 71.

 (/usr/share/texlive/texmf-dist/tex/latex/fourier/fmlfutm.fd
File: fmlfutm.fd 2004/10/30 Fontinst v1.926 font definitions for FML/futm.
)
LaTeX Font Info:    ... okay on input line 71.
LaTeX Font Info:    Checking defaults for FMS/futm/m/n on input line 71.
LaTeX Font Info:    Try loading font information for FMS+futm on input line 71.


(/usr/share/texlive/texmf-dist/tex/latex/fourier/fmsfutm.fd
File: fmsfutm.fd 2004/10/30 Fontinst v1.926 font definitions for FMS/futm.
)
LaTeX Font Info:    ... okay on input line 71.
LaTeX Font Info:    Checking defaults for FMX/futm/m/n on input line 71.
LaTeX Font Info:    Try loading font information for FMX+futm on input line 71.


(/usr/share/texlive/texmf-dist/tex/latex/fourier/fmxfutm.fd
File: fmxfutm.fd futm-extension
)
LaTeX Font Info:    ... okay on input line 71.
LaTeX Font Info:    Checking defaults for TS1/cmr/m/n on input line 71.
LaTeX Font Info:    Try loading font information for TS1+cmr on input line 71.

(/usr/share/texlive/texmf-dist/tex/latex/base/ts1cmr.fd
File: ts1cmr.fd 2014/09/29 v2.5h Standard LaTeX font definitions
)
LaTeX Font Info:    ... okay on input line 71.
LaTeX Font Info:    Checking defaults for PD1/pdf/m/n on input line 71.
LaTeX Font Info:    ... okay on input line 71.
LaTeX Font Info:    Try loading font information for T1+futs on input line 71.

(/usr/share/texlive/texmf-dist/tex/latex/fourier/t1futs.fd
File: t1futs.fd 2004/03/02 Fontinst v1.926 font definitions for T1/futs.
)
LaTeX Info: Redefining \microtypecontext on input line 71.
Package microtype Info: Generating PDF output.
Package microtype Info: Character protrusion enabled (level 2).
Package microtype Info: Using default protrusion set `alltext'.
Package microtype Info: Automatic font expansion enabled (level 2),
(microtype)             stretch: 20, shrink: 20, step: 1, non-selected.
Package microtype Info: Using default expansion set `basictext'.
Package microtype Info: No adjustment of tracking.
Package microtype Info: No adjustment of interword spacing.
Package microtype Info: No adjustment of character kerning.
Package microtype Info: Loading generic settings for font family
(microtype)             `futs' (encoding: T1).
(microtype)             For optimal results, create family-specific settings.
(microtype)             See the microtype manual for details.

(/usr/share/texlive/texmf-dist/tex/context/base/supp-pdf.mkii
[Loading MPS to PDF converter (version 2006.09.02).]
\scratchcounter=\count123
\scratchdimen=\dimen128
\scratchbox=\box31
\nofMPsegments=\count124
\nofMParguments=\count125
\everyMPshowfont=\toks29
\MPscratchCnt=\count126
\MPscratchDim=\dimen129
\MPnumerator=\count127
\makeMPintoPDFobject=\count128
\everyMPtoPDFconversion=\toks30
) (/usr/share/texlive/texmf-dist/tex/latex/oberdiek/epstopdf-base.sty
Package: epstopdf-base 2010/02/09 v2.5 Base part for package epstopdf

(/usr/share/texlive/texmf-dist/tex/latex/oberdiek/grfext.sty
Package: grfext 2010/08/19 v1.1 Manage graphics extensions (HO)
)
Package grfext Info: Graphics extension search list:
(grfext)             [.png,.pdf,.jpg,.mps,.jpeg,.jbig2,.jb2,.PNG,.PDF,.JPG,.JPE
G,.JBIG2,.JB2,.eps]
(grfext)             \AppendGraphicsExtensions on input line 452.

(/usr/share/texlive/texmf-dist/tex/latex/latexconfig/epstopdf-sys.cfg
File: epstopdf-sys.cfg 2010/07/13 v1.3 Configuration of (r)epstopdf for TeX Liv
e
))
Package caption Info: Begin \AtBeginDocument code.
Package caption Info: subfig package v1.3 is loaded.
Package caption Info: float package is loaded.
Package caption Info: hyperref package is loaded.
Package caption Info: End \AtBeginDocument code.
\AtBeginShipoutBox=\box32
Package hyperref Info: Link coloring OFF on input line 71.

(/usr/share/texlive/texmf-dist/tex/latex/hyperref/nameref.sty
Package: nameref 2012/10/27 v2.43 Cross-referencing by name of section

(/usr/share/texlive/texmf-dist/tex/generic/oberdiek/gettitlestring.sty
Package: gettitlestring 2010/12/03 v1.4 Cleanup title references (HO)
)
\c@section@level=\count129
)
LaTeX Info: Redefining \ref on input line 71.
LaTeX Info: Redefining \pageref on input line 71.
LaTeX Info: Redefining \nameref on input line 71.

(./Report.out) (./Report.out)
\@outlinefile=\write3
\openout3 = `Report.out'.

LaTeX Font Info:    Try loading font information for T1+cmss on input line 73.

(/usr/share/texlive/texmf-dist/tex/latex/base/t1cmss.fd
File: t1cmss.fd 2014/09/29 v2.5h Standard LaTeX font definitions
)
Package microtype Info: Loading generic settings for font family
(microtype)             `cmss' (encoding: T1).
(microtype)             For optimal results, create family-specific settings.
(microtype)             See the microtype manual for details.
LaTeX Font Info:    Try loading font information for OT1+bch on input line 73.

(/usr/share/texlive/texmf-dist/tex/latex/psnfss/ot1bch.fd
File: ot1bch.fd 2004/10/18 font definitions for OT1/bch.
)
(/usr/share/texlive/texmf-dist/tex/latex/microtype/mt-bch.cfg
File: mt-bch.cfg 2007/03/03 v1.5 microtype config. file: Bitstream Charter (RS)

)
LaTeX Font Info:    Try loading font information for FML+futmi on input line 73
.

(/usr/share/texlive/texmf-dist/tex/latex/fourier/fmlfutmi.fd
File: fmlfutmi.fd 2004/10/30 Fontinst v1.926 font definitions for FML/futmi.
)
LaTeX Font Info:    Font shape `FMX/futm/m/n' will be
(Font)              scaled to size 13.24796pt on input line 73.
LaTeX Font Info:    Font shape `FMX/futm/m/n' will be
(Font)              scaled to size 9.19998pt on input line 73.
LaTeX Font Info:    Font shape `FMX/futm/m/n' will be
(Font)              scaled to size 7.35999pt on input line 73.
LaTeX Font Info:    Font shape `U/futm/m/n' will be
(Font)              scaled to size 13.24796pt on input line 73.
LaTeX Font Info:    Font shape `U/futm/m/n' will be
(Font)              scaled to size 9.19998pt on input line 73.
LaTeX Font Info:    Font shape `U/futm/m/n' will be
(Font)              scaled to size 7.35999pt on input line 73.
LaTeX Font Info:    Try loading font information for U+msa on input line 73.

(/usr/share/texlive/texmf-dist/tex/latex/amsfonts/umsa.fd
File: umsa.fd 2013/01/14 v3.01 AMS symbols A
)
(/usr/share/texlive/texmf-dist/tex/latex/microtype/mt-msa.cfg
File: mt-msa.cfg 2006/02/04 v1.1 microtype config. file: AMS symbols (a) (RS)
)
LaTeX Font Info:    Try loading font information for U+msb on input line 73.

(/usr/share/texlive/texmf-dist/tex/latex/amsfonts/umsb.fd
File: umsb.fd 2013/01/14 v3.01 AMS symbols B
)
(/usr/share/texlive/texmf-dist/tex/latex/microtype/mt-msb.cfg
File: mt-msb.cfg 2005/06/01 v1.0 microtype config. file: AMS symbols (b) (RS)
)

Class scrartcl Warning: incompatible usage of \@ssect detected.
(scrartcl)              You've used the KOMA-Script implementation of \@ssect
(scrartcl)              from within a non compatible caller, that does not
(scrartcl)              \scr@s@ct@@nn@m@ locally.
(scrartcl)              This could result in several error messages on input li
ne 73.


Class scrartcl Warning: incompatible usage of \@ssect detected.
(scrartcl)              You've used the KOMA-Script implementation of \@ssect
(scrartcl)              from within a non compatible caller, that does not
(scrartcl)              \scr@s@ct@@nn@m@ locally.
(scrartcl)              This could result in several error messages on input li
ne 75.

<Dataset_graph.png, id=4, 483.8075pt x 292.09125pt>
File: Dataset_graph.png Graphic file (type png)
 <use Dataset_graph.png>
Package pdftex.def Info: Dataset_graph.png used on input line 79.
(pdftex.def)             Requested size: 266.09494pt x 160.65067pt.


Class scrartcl Warning: incompatible usage of \@ssect detected.
(scrartcl)              You've used the KOMA-Script implementation of \@ssect
(scrartcl)              from within a non compatible caller, that does not
(scrartcl)              \scr@s@ct@@nn@m@ locally.
(scrartcl)              This could result in several error messages on input li
ne 82.

[1


{/var/lib/texmf/fonts/map/pdftex/updmap/pdftex.map} <./Dataset_graph.png>]

Class scrartcl Warning: incompatible usage of \@ssect detected.
(scrartcl)              You've used the KOMA-Script implementation of \@ssect
(scrartcl)              from within a non compatible caller, that does not
(scrartcl)              \scr@s@ct@@nn@m@ locally.
(scrartcl)              This could result in several error messages on input li
ne 86.


<../Dataset/1_Clustering/Visualisations/Aggregation.png, id=13, 1845.89626pt x 
1059.96pt>
File: ../Dataset/1_Clustering/Visualisations/Aggregation.png Graphic file (type
 png)
 <use ../Dataset/1_Clustering/Visualisations/Aggregation.png>
Package pdftex.def Info: ../Dataset/1_Clustering/Visualisations/Aggregation.png
 used on input line 89.
(pdftex.def)             Requested size: 292.7776pt x 168.10909pt.

<../Dataset/1_Clustering/Visualisations/Aggregation_4.png, id=14, 1845.89626pt 
x 1059.96pt>
File: ../Dataset/1_Clustering/Visualisations/Aggregation_4.png Graphic file (ty
pe png)
 <use ../Dataset/1_Clustering/Visualisations/Aggregation_4.png>
Package pdftex.def Info: ../Dataset/1_Clustering/Visualisations/Aggregation_4.p
ng used on input line 91.
(pdftex.def)             Requested size: 292.7776pt x 168.10909pt.
LaTeX Font Info:    Font shape `FMX/futm/m/n' will be
(Font)              scaled to size 10.07397pt on input line 97.
LaTeX Font Info:    Font shape `FMX/futm/m/n' will be
(Font)              scaled to size 7.63599pt on input line 97.
LaTeX Font Info:    Font shape `FMX/futm/m/n' will be
(Font)              scaled to size 5.51999pt on input line 97.
LaTeX Font Info:    Font shape `U/futm/m/n' will be
(Font)              scaled to size 10.07397pt on input line 97.
LaTeX Font Info:    Font shape `U/futm/m/n' will be
(Font)              scaled to size 7.63599pt on input line 97.
LaTeX Font Info:    Font shape `U/futm/m/n' will be
(Font)              scaled to size 5.51999pt on input line 97.

<../Dataset/1_Clustering/Visualisations/Aggregation2.png, id=15, 1101.11375pt x
 986.68625pt>
File: ../Dataset/1_Clustering/Visualisations/Aggregation2.png Graphic file (typ
e png)
 <use ../Dataset/1_Clustering/Visualisations/Aggregation2.png>
Package pdftex.def Info: ../Dataset/1_Clustering/Visualisations/Aggregation2.pn
g used on input line 101.
(pdftex.def)             Requested size: 250.95587pt x 224.87044pt.

<../Dataset/1_Clustering/Visualisations/Aggregation3.png, id=16, 1088.065pt x 9
79.66pt>
File: ../Dataset/1_Clustering/Visualisations/Aggregation3.png Graphic file (typ
e png)
 <use ../Dataset/1_Clustering/Visualisations/Aggregation3.png>
Package pdftex.def Info: ../Dataset/1_Clustering/Visualisations/Aggregation3.pn
g used on input line 103.
(pdftex.def)             Requested size: 250.95587pt x 225.94489pt.
 [2 <../Dataset/1_Clustering/Visualisations/Aggregation.png> <../Dataset/1_Clus
tering/Visualisations/Aggregation_4.png>]

Class scrartcl Warning: incompatible usage of \@ssect detected.
(scrartcl)              You've used the KOMA-Script implementation of \@ssect
(scrartcl)              from within a non compatible caller, that does not
(scrartcl)              \scr@s@ct@@nn@m@ locally.
(scrartcl)              This could result in several error messages on input li
ne 111.


<../Dataset/1_Clustering/Visualisations/Compound.png, id=27, 1845.89626pt x 105
9.96pt>
File: ../Dataset/1_Clustering/Visualisations/Compound.png Graphic file (type pn
g)
 <use ../Dataset/1_Clustering/Visualisations/Compound.png>
Package pdftex.def Info: ../Dataset/1_Clustering/Visualisations/Compound.png us
ed on input line 114.
(pdftex.def)             Requested size: 334.60571pt x 192.12698pt.

<../Dataset/1_Clustering/Visualisations/Compound4.png, id=28, 1845.89626pt x 10
59.96pt>
File: ../Dataset/1_Clustering/Visualisations/Compound4.png Graphic file (type p
ng)
 <use ../Dataset/1_Clustering/Visualisations/Compound4.png>
Package pdftex.def Info: ../Dataset/1_Clustering/Visualisations/Compound4.png u
sed on input line 116.
(pdftex.def)             Requested size: 334.60571pt x 192.12698pt.
 [3 <../Dataset/1_Clustering/Visualisations/Aggregation2.png> <../Dataset/1_Clu
stering/Visualisations/Aggregation3.png>]
<../Dataset/1_Clustering/Visualisations/Compound2.png, id=36, 1077.02374pt x 98
2.67125pt>
File: ../Dataset/1_Clustering/Visualisations/Compound2.png Graphic file (type p
ng)
 <use ../Dataset/1_Clustering/Visualisations/Compound2.png>
Package pdftex.def Info: ../Dataset/1_Clustering/Visualisations/Compound2.png u
sed on input line 130.
(pdftex.def)             Requested size: 292.7776pt x 267.1241pt.

<../Dataset/1_Clustering/Visualisations/Compound3.png, id=37, 1082.0425pt x 982
.67125pt>
File: ../Dataset/1_Clustering/Visualisations/Compound3.png Graphic file (type p
ng)
 <use ../Dataset/1_Clustering/Visualisations/Compound3.png>
Package pdftex.def Info: ../Dataset/1_Clustering/Visualisations/Compound3.png u
sed on input line 132.
(pdftex.def)             Requested size: 292.7776pt x 265.87958pt.
 [4 <../Dataset/1_Clustering/Visualisations/Compound.png> <../Dataset/1_Cluster
ing/Visualisations/Compound4.png>]

Class scrartcl Warning: incompatible usage of \@ssect detected.
(scrartcl)              You've used the KOMA-Script implementation of \@ssect
(scrartcl)              from within a non compatible caller, that does not
(scrartcl)              \scr@s@ct@@nn@m@ locally.
(scrartcl)              This could result in several error messages on input li
ne 137.


<../Dataset/1_Clustering/Visualisations/D31.png, id=46, 1845.89626pt x 1059.96p
t>
File: ../Dataset/1_Clustering/Visualisations/D31.png Graphic file (type png)
 <use ../Dataset/1_Clustering/Visualisations/D31.png>
Package pdftex.def Info: ../Dataset/1_Clustering/Visualisations/D31.png used on
 input line 140.
(pdftex.def)             Requested size: 334.60571pt x 192.12698pt.

<../Dataset/1_Clustering/Visualisations/D31_4.png, id=47, 1845.89626pt x 1059.9
6pt>
File: ../Dataset/1_Clustering/Visualisations/D31_4.png Graphic file (type png)
 <use ../Dataset/1_Clustering/Visualisations/D31_4.png>
Package pdftex.def Info: ../Dataset/1_Clustering/Visualisations/D31_4.png used 
on input line 142.
(pdftex.def)             Requested size: 334.60571pt x 192.12698pt.
 [5 <../Dataset/1_Clustering/Visualisations/Compound2.png> <../Dataset/1_Cluste
ring/Visualisations/Compound3.png>]
<../Dataset/1_Clustering/Visualisations/D31_2.png, id=55, 1074.0125pt x 981.667
5pt>
File: ../Dataset/1_Clustering/Visualisations/D31_2.png Graphic file (type png)
 <use ../Dataset/1_Clustering/Visualisations/D31_2.png>
Package pdftex.def Info: ../Dataset/1_Clustering/Visualisations/D31_2.png used 
on input line 156.
(pdftex.def)             Requested size: 292.7776pt x 267.6002pt.

<../Dataset/1_Clustering/Visualisations/D31_3.png, id=56, 1074.0125pt x 986.686
25pt>
File: ../Dataset/1_Clustering/Visualisations/D31_3.png Graphic file (type png)
 <use ../Dataset/1_Clustering/Visualisations/D31_3.png>
Package pdftex.def Info: ../Dataset/1_Clustering/Visualisations/D31_3.png used 
on input line 158.
(pdftex.def)             Requested size: 292.7776pt x 268.96829pt.
 [6 <../Dataset/1_Clustering/Visualisations/D31.png> <../Dataset/1_Clustering/V
isualisations/D31_4.png>]

Class scrartcl Warning: incompatible usage of \@ssect detected.
(scrartcl)              You've used the KOMA-Script implementation of \@ssect
(scrartcl)              from within a non compatible caller, that does not
(scrartcl)              \scr@s@ct@@nn@m@ locally.
(scrartcl)              This could result in several error messages on input li
ne 163.


<../Dataset/1_Clustering/Visualisations/Flames.png, id=65, 1845.89626pt x 1059.
96pt>
File: ../Dataset/1_Clustering/Visualisations/Flames.png Graphic file (type png)

 <use ../Dataset/1_Clustering/Visualisations/Flames.png>
Package pdftex.def Info: ../Dataset/1_Clustering/Visualisations/Flames.png used
 on input line 166.
(pdftex.def)             Requested size: 334.60571pt x 192.12698pt.

<../Dataset/1_Clustering/Visualisations/Flames4.png, id=66, 1845.89626pt x 1059
.96pt>
File: ../Dataset/1_Clustering/Visualisations/Flames4.png Graphic file (type png
)
 <use ../Dataset/1_Clustering/Visualisations/Flames4.png>
Package pdftex.def Info: ../Dataset/1_Clustering/Visualisations/Flames4.png use
d on input line 168.
(pdftex.def)             Requested size: 334.60571pt x 192.12698pt.
 [7 <../Dataset/1_Clustering/Visualisations/D31_2.png> <../Dataset/1_Clustering
/Visualisations/D31_3.png>] [8 <../Dataset/1_Clustering/Visualisations/Flames.p
ng> <../Dataset/1_Clustering/Visualisations/Flames4.png>]
<../Dataset/1_Clustering/Visualisations/Flames2.png, id=83, 1078.0275pt x 977.6
525pt>
File: ../Dataset/1_Clustering/Visualisations/Flames2.png Graphic file (type png
)
 <use ../Dataset/1_Clustering/Visualisations/Flames2.png>
Package pdftex.def Info: ../Dataset/1_Clustering/Visualisations/Flames2.png use
d on input line 182.
(pdftex.def)             Requested size: 271.86356pt x 246.54576pt.

<../Dataset/1_Clustering/Visualisations/Flames3.png, id=84, 1076.02pt x 982.671
25pt>
File: ../Dataset/1_Clustering/Visualisations/Flames3.png Graphic file (type png
)
 <use ../Dataset/1_Clustering/Visualisations/Flames3.png>
Package pdftex.def Info: ../Dataset/1_Clustering/Visualisations/Flames3.png use
d on input line 184.
(pdftex.def)             Requested size: 250.95587pt x 229.17343pt.


Class scrartcl Warning: incompatible usage of \@ssect detected.
(scrartcl)              You've used the KOMA-Script implementation of \@ssect
(scrartcl)              from within a non compatible caller, that does not
(scrartcl)              \scr@s@ct@@nn@m@ locally.
(scrartcl)              This could result in several error messages on input li
ne 188.


<../Dataset/1_Clustering/Visualisations/Jain.png, id=85, 1845.89626pt x 1059.96
pt>
File: ../Dataset/1_Clustering/Visualisations/Jain.png Graphic file (type png)
 <use ../Dataset/1_Clustering/Visualisations/Jain.png>
Package pdftex.def Info: ../Dataset/1_Clustering/Visualisations/Jain.png used o
n input line 191.
(pdftex.def)             Requested size: 334.60571pt x 192.12698pt.

<../Dataset/1_Clustering/Visualisations/Jain4.png, id=86, 1845.89626pt x 1059.9
6pt>
File: ../Dataset/1_Clustering/Visualisations/Jain4.png Graphic file (type png)
 <use ../Dataset/1_Clustering/Visualisations/Jain4.png>
Package pdftex.def Info: ../Dataset/1_Clustering/Visualisations/Jain4.png used 
on input line 193.
(pdftex.def)             Requested size: 334.60571pt x 192.12698pt.
 [9 <../Dataset/1_Clustering/Visualisations/Flames2.png> <../Dataset/1_Clusteri
ng/Visualisations/Flames3.png>] [10 <../Dataset/1_Clustering/Visualisations/Jai
n.png> <../Dataset/1_Clustering/Visualisations/Jain4.png>]
<../Dataset/1_Clustering/Visualisations/Jain2.png, id=102, 1083.04625pt x 983.6
75pt>
File: ../Dataset/1_Clustering/Visualisations/Jain2.png Graphic file (type png)
 <use ../Dataset/1_Clustering/Visualisations/Jain2.png>
Package pdftex.def Info: ../Dataset/1_Clustering/Visualisations/Jain2.png used 
on input line 208.
(pdftex.def)             Requested size: 250.95587pt x 227.92157pt.

<../Dataset/1_Clustering/Visualisations/Jain3.png, id=103, 1079.03125pt x 984.6
7876pt>
File: ../Dataset/1_Clustering/Visualisations/Jain3.png Graphic file (type png)
 <use ../Dataset/1_Clustering/Visualisations/Jain3.png>
Package pdftex.def Info: ../Dataset/1_Clustering/Visualisations/Jain3.png used 
on input line 210.
(pdftex.def)             Requested size: 250.95587pt x 229.01056pt.


Class scrartcl Warning: incompatible usage of \@ssect detected.
(scrartcl)              You've used the KOMA-Script implementation of \@ssect
(scrartcl)              from within a non compatible caller, that does not
(scrartcl)              \scr@s@ct@@nn@m@ locally.
(scrartcl)              This could result in several error messages on input li
ne 215.

[11 <../Dataset/1_Clustering/Visualisations/Jain2.png> <../Dataset/1_Clustering
/Visualisations/Jain3.png>]
<../Dataset/1_Clustering/Visualisations/Path-based.png, id=111, 1845.89626pt x 
1059.96pt>
File: ../Dataset/1_Clustering/Visualisations/Path-based.png Graphic file (type 
png)
 <use ../Dataset/1_Clustering/Visualisations/Path-based.png>
Package pdftex.def Info: ../Dataset/1_Clustering/Visualisations/Path-based.png 
used on input line 218.
(pdftex.def)             Requested size: 334.60571pt x 192.12698pt.

<../Dataset/1_Clustering/Visualisations/Path-based4.png, id=112, 1845.89626pt x
 1059.96pt>
File: ../Dataset/1_Clustering/Visualisations/Path-based4.png Graphic file (type
 png)
 <use ../Dataset/1_Clustering/Visualisations/Path-based4.png>
Package pdftex.def Info: ../Dataset/1_Clustering/Visualisations/Path-based4.png
 used on input line 220.
(pdftex.def)             Requested size: 334.60571pt x 192.12698pt.

[12 <../Dataset/1_Clustering/Visualisations/Path-based.png> <../Dataset/1_Clust
ering/Visualisations/Path-based4.png>]
<../Dataset/1_Clustering/Visualisations/Path-based2.png, id=121, 1072.005pt x 9
82.67125pt>
File: ../Dataset/1_Clustering/Visualisations/Path-based2.png Graphic file (type
 png)
 <use ../Dataset/1_Clustering/Visualisations/Path-based2.png>
Package pdftex.def Info: ../Dataset/1_Clustering/Visualisations/Path-based2.png
 used on input line 234.
(pdftex.def)             Requested size: 250.95587pt x 230.0431pt.

<../Dataset/1_Clustering/Visualisations/Path-based3.png, id=122, 1077.02374pt x
 982.67125pt>
File: ../Dataset/1_Clustering/Visualisations/Path-based3.png Graphic file (type
 png)
 <use ../Dataset/1_Clustering/Visualisations/Path-based3.png>
Package pdftex.def Info: ../Dataset/1_Clustering/Visualisations/Path-based3.png
 used on input line 236.
(pdftex.def)             Requested size: 230.04182pt x 209.87572pt.


Class scrartcl Warning: incompatible usage of \@ssect detected.
(scrartcl)              You've used the KOMA-Script implementation of \@ssect
(scrartcl)              from within a non compatible caller, that does not
(scrartcl)              \scr@s@ct@@nn@m@ locally.
(scrartcl)              This could result in several error messages on input li
ne 240.

[13 <../Dataset/1_Clustering/Visualisations/Path-based2.png> <../Dataset/1_Clus
tering/Visualisations/Path-based3.png>]
<../Dataset/1_Clustering/Visualisations/R15.png, id=131, 1845.89626pt x 1059.96
pt>
File: ../Dataset/1_Clustering/Visualisations/R15.png Graphic file (type png)
 <use ../Dataset/1_Clustering/Visualisations/R15.png>
Package pdftex.def Info: ../Dataset/1_Clustering/Visualisations/R15.png used on
 input line 243.
(pdftex.def)             Requested size: 334.60571pt x 192.12698pt.

<../Dataset/1_Clustering/Visualisations/R15_4.png, id=132, 1845.89626pt x 1059.
96pt>
File: ../Dataset/1_Clustering/Visualisations/R15_4.png Graphic file (type png)
 <use ../Dataset/1_Clustering/Visualisations/R15_4.png>
Package pdftex.def Info: ../Dataset/1_Clustering/Visualisations/R15_4.png used 
on input line 245.
(pdftex.def)             Requested size: 334.60571pt x 192.12698pt.

<../Dataset/1_Clustering/Visualisations/R15_2.png, id=133, 1074.0125pt x 982.67
125pt>
File: ../Dataset/1_Clustering/Visualisations/R15_2.png Graphic file (type png)
 <use ../Dataset/1_Clustering/Visualisations/R15_2.png>
Package pdftex.def Info: ../Dataset/1_Clustering/Visualisations/R15_2.png used 
on input line 259.
(pdftex.def)             Requested size: 292.7776pt x 267.87383pt.

<../Dataset/1_Clustering/Visualisations/R15_3.png, id=134, 1076.02pt x 982.6712
5pt>
File: ../Dataset/1_Clustering/Visualisations/R15_3.png Graphic file (type png)
 <use ../Dataset/1_Clustering/Visualisations/R15_3.png>
Package pdftex.def Info: ../Dataset/1_Clustering/Visualisations/R15_3.png used 
on input line 261.
(pdftex.def)             Requested size: 292.7776pt x 267.37901pt.
 [14 <../Dataset/1_Clustering/Visualisations/R15.png> <../Dataset/1_Clustering/
Visualisations/R15_4.png>]

Class scrartcl Warning: incompatible usage of \@ssect detected.
(scrartcl)              You've used the KOMA-Script implementation of \@ssect
(scrartcl)              from within a non compatible caller, that does not
(scrartcl)              \scr@s@ct@@nn@m@ locally.
(scrartcl)              This could result in several error messages on input li
ne 265.

[15 <../Dataset/1_Clustering/Visualisations/R15_2.png> <../Dataset/1_Clustering
/Visualisations/R15_3.png>]
<../Dataset/1_Clustering/Visualisations/Spiral.png, id=150, 1845.89626pt x 1059
.96pt>
File: ../Dataset/1_Clustering/Visualisations/Spiral.png Graphic file (type png)

 <use ../Dataset/1_Clustering/Visualisations/Spiral.png>
Package pdftex.def Info: ../Dataset/1_Clustering/Visualisations/Spiral.png used
 on input line 268.
(pdftex.def)             Requested size: 334.60571pt x 192.12698pt.

<../Dataset/1_Clustering/Visualisations/Spiral4.png, id=151, 1845.89626pt x 105
9.96pt>
File: ../Dataset/1_Clustering/Visualisations/Spiral4.png Graphic file (type png
)
 <use ../Dataset/1_Clustering/Visualisations/Spiral4.png>
Package pdftex.def Info: ../Dataset/1_Clustering/Visualisations/Spiral4.png use
d on input line 270.
(pdftex.def)             Requested size: 334.60571pt x 192.12698pt.
 [16 <../Dataset/1_Clustering/Visualisations/Spiral.png> <../Dataset/1_Clusteri
ng/Visualisations/Spiral4.png>]
<../Dataset/1_Clustering/Visualisations/Spiral2.png, id=161, 1076.02pt x 982.67
125pt>
File: ../Dataset/1_Clustering/Visualisations/Spiral2.png Graphic file (type png
)
 <use ../Dataset/1_Clustering/Visualisations/Spiral2.png>
Package pdftex.def Info: ../Dataset/1_Clustering/Visualisations/Spiral2.png use
d on input line 284.
(pdftex.def)             Requested size: 292.7776pt x 267.37901pt.

<../Dataset/1_Clustering/Visualisations/Spiral3.png, id=162, 1076.02pt x 987.69
pt>
File: ../Dataset/1_Clustering/Visualisations/Spiral3.png Graphic file (type png
)
 <use ../Dataset/1_Clustering/Visualisations/Spiral3.png>
Package pdftex.def Info: ../Dataset/1_Clustering/Visualisations/Spiral3.png use
d on input line 286.
(pdftex.def)             Requested size: 250.95587pt x 230.34389pt.


Class scrartcl Warning: incompatible usage of \@ssect detected.
(scrartcl)              You've used the KOMA-Script implementation of \@ssect
(scrartcl)              from within a non compatible caller, that does not
(scrartcl)              \scr@s@ct@@nn@m@ locally.
(scrartcl)              This could result in several error messages on input li
ne 291.

[17 <../Dataset/1_Clustering/Visualisations/Spiral2.png> <../Dataset/1_Clusteri
ng/Visualisations/Spiral3.png>]
Underfull \hbox (badness 10000) in paragraph at lines 292--293

 []


<../Dataset/1_Clustering/Visualisations/k-means_8_2.png, id=170, 435.6275pt x 4
49.68pt>
File: ../Dataset/1_Clustering/Visualisations/k-means_8_2.png Graphic file (type
 png)
 <use ../Dataset/1_Clustering/Visualisations/k-means_8_2.png>
Package pdftex.def Info: ../Dataset/1_Clustering/Visualisations/k-means_8_2.png
 used on input line 301.
(pdftex.def)             Requested size: 334.60571pt x 345.39697pt.

<../Dataset/1_Clustering/Visualisations/k-means_8.png, id=171, 604.2575pt x 575
.14874pt>
File: ../Dataset/1_Clustering/Visualisations/k-means_8.png Graphic file (type p
ng)
 <use ../Dataset/1_Clustering/Visualisations/k-means_8.png>
Package pdftex.def Info: ../Dataset/1_Clustering/Visualisations/k-means_8.png u
sed on input line 306.
(pdftex.def)             Requested size: 418.25555pt x 398.10803pt.
 [18 <../Dataset/1_Clustering/Visualisations/k-means_8_2.png>]
<../Dataset/1_Clustering/Visualisations/purity_val.png, id=181, 162.6075pt x 53
7.00626pt>
File: ../Dataset/1_Clustering/Visualisations/purity_val.png Graphic file (type 
png)
 <use ../Dataset/1_Clustering/Visualisations/purity_val.png>
Package pdftex.def Info: ../Dataset/1_Clustering/Visualisations/purity_val.png 
used on input line 313.
(pdftex.def)             Requested size: 83.64983pt x 276.25403pt.

<../Dataset/1_Clustering/Visualisations/purity.png, id=182, 462.528pt x 346.896
pt>
File: ../Dataset/1_Clustering/Visualisations/purity.png Graphic file (type png)

 <use ../Dataset/1_Clustering/Visualisations/purity.png>
Package pdftex.def Info: ../Dataset/1_Clustering/Visualisations/purity.png used
 on input line 315.
(pdftex.def)             Requested size: 313.69167pt x 235.27744pt.
 [19 <../Dataset/1_Clustering/Visualisations/k-means_8.png>]

Class scrartcl Warning: incompatible usage of \@ssect detected.
(scrartcl)              You've used the KOMA-Script implementation of \@ssect
(scrartcl)              from within a non compatible caller, that does not
(scrartcl)              \scr@s@ct@@nn@m@ locally.
(scrartcl)              This could result in several error messages on input li
ne 319.


<../Dataset/1_Clustering/Visualisations/dbscan_1.png, id=190, 462.528pt x 346.8
96pt>
File: ../Dataset/1_Clustering/Visualisations/dbscan_1.png Graphic file (type pn
g)
 <use ../Dataset/1_Clustering/Visualisations/dbscan_1.png>
Package pdftex.def Info: ../Dataset/1_Clustering/Visualisations/dbscan_1.png us
ed on input line 325.
(pdftex.def)             Requested size: 416.27133pt x 312.2035pt.
 [20 <../Dataset/1_Clustering/Visualisations/purity_val.png> <../Dataset/1_Clus
tering/Visualisations/purity.png>]
<../Dataset/1_Clustering/Visualisations/dbscan_2.png, id=200, 462.528pt x 346.8
96pt>
File: ../Dataset/1_Clustering/Visualisations/dbscan_2.png Graphic file (type pn
g)
 <use ../Dataset/1_Clustering/Visualisations/dbscan_2.png>
Package pdftex.def Info: ../Dataset/1_Clustering/Visualisations/dbscan_2.png us
ed on input line 331.
(pdftex.def)             Requested size: 292.7776pt x 219.59367pt.

<../Dataset/1_Clustering/Visualisations/dbscan_4.png, id=201, 462.528pt x 346.8
96pt>
File: ../Dataset/1_Clustering/Visualisations/dbscan_4.png Graphic file (type pn
g)
 <use ../Dataset/1_Clustering/Visualisations/dbscan_4.png>
Package pdftex.def Info: ../Dataset/1_Clustering/Visualisations/dbscan_4.png us
ed on input line 336.
(pdftex.def)             Requested size: 376.42744pt x 282.33397pt.
 [21 <../Dataset/1_Clustering/Visualisations/dbscan_1.png> <../Dataset/1_Cluste
ring/Visualisations/dbscan_2.png>]
<../Dataset/1_Clustering/Visualisations/dbscan_3.png, id=210, 462.528pt x 346.8
96pt>
File: ../Dataset/1_Clustering/Visualisations/dbscan_3.png Graphic file (type pn
g)
 <use ../Dataset/1_Clustering/Visualisations/dbscan_3.png>
Package pdftex.def Info: ../Dataset/1_Clustering/Visualisations/dbscan_3.png us
ed on input line 341.
(pdftex.def)             Requested size: 292.7776pt x 219.59367pt.

<../Dataset/1_Clustering/Visualisations/dbscan_5.png, id=211, 462.528pt x 346.8
96pt>
File: ../Dataset/1_Clustering/Visualisations/dbscan_5.png Graphic file (type pn
g)
 <use ../Dataset/1_Clustering/Visualisations/dbscan_5.png>
Package pdftex.def Info: ../Dataset/1_Clustering/Visualisations/dbscan_5.png us
ed on input line 346.
(pdftex.def)             Requested size: 376.42744pt x 282.33397pt.
 [22 <../Dataset/1_Clustering/Visualisations/dbscan_4.png> <../Dataset/1_Cluste
ring/Visualisations/dbscan_3.png>]

Class scrartcl Warning: incompatible usage of \@ssect detected.
(scrartcl)              You've used the KOMA-Script implementation of \@ssect
(scrartcl)              from within a non compatible caller, that does not
(scrartcl)              \scr@s@ct@@nn@m@ locally.
(scrartcl)              This could result in several error messages on input li
ne 350.

LaTeX Font Info:    Try loading font information for TS1+futs on input line 353
.
(/usr/share/texlive/texmf-dist/tex/latex/fourier/ts1futs.fd
File: ts1futs.fd 2004/03/26 Fontinst v1.926 font definitions for TS1/futs.
)
Package microtype Info: Loading generic settings for font family
(microtype)             `futs' (encoding: TS1).
(microtype)             For optimal results, create family-specific settings.
(microtype)             See the microtype manual for details.


Class scrartcl Warning: incompatible usage of \@ssect detected.
(scrartcl)              You've used the KOMA-Script implementation of \@ssect
(scrartcl)              from within a non compatible caller, that does not
(scrartcl)              \scr@s@ct@@nn@m@ locally.
(scrartcl)              This could result in several error messages on input li
ne 361.

LaTeX Font Info:    Font shape `T1/futs/bx/n' in size <10.95> not available
(Font)              Font shape `T1/futs/b/n' tried instead on input line 367.
[23 <../Dataset/1_Clustering/Visualisations/dbscan_5.png>]
Underfull \hbox (badness 10000) in paragraph at lines 386--387

 []


Underfull \hbox (badness 10000) in paragraph at lines 388--389

 []


Class scrartcl Warning: incompatible usage of \@ssect detected.
(scrartcl)              You've used the KOMA-Script implementation of \@ssect
(scrartcl)              from within a non compatible caller, that does not
(scrartcl)              \scr@s@ct@@nn@m@ locally.
(scrartcl)              This could result in several error messages on input li
ne 416.

[24]
<../Dataset/1_Clustering/Visualisations/DB1.png, id=235, 295.1025pt x 184.69pt>
File: ../Dataset/1_Clustering/Visualisations/DB1.png Graphic file (type png)
<use ../Dataset/1_Clustering/Visualisations/DB1.png>
Package pdftex.def Info: ../Dataset/1_Clustering/Visualisations/DB1.png used on
 input line 443.
(pdftex.def)             Requested size: 209.12778pt x 130.88562pt.
LaTeX Font Info:    Font shape `FMX/futm/m/n' will be
(Font)              scaled to size 8.27998pt on input line 443.
LaTeX Font Info:    Font shape `FMX/futm/m/n' will be
(Font)              scaled to size 6.99199pt on input line 443.
LaTeX Font Info:    Font shape `U/futm/m/n' will be
(Font)              scaled to size 8.27998pt on input line 443.
LaTeX Font Info:    Font shape `U/futm/m/n' will be
(Font)              scaled to size 6.99199pt on input line 443.

<../Dataset/1_Clustering/Visualisations/DB2.png, id=236, 272.01625pt x 174.6525
pt>
File: ../Dataset/1_Clustering/Visualisations/DB2.png Graphic file (type png)
 <use ../Dataset/1_Clustering/Visualisations/DB2.png>
Package pdftex.def Info: ../Dataset/1_Clustering/Visualisations/DB2.png used on
 input line 445.
(pdftex.def)             Requested size: 209.12778pt x 134.28029pt.

<../Dataset/1_Clustering/Visualisations/DB3.png, id=237, 276.03125pt x 177.6637
6pt>
File: ../Dataset/1_Clustering/Visualisations/DB3.png Graphic file (type png)
 <use ../Dataset/1_Clustering/Visualisations/DB3.png>
Package pdftex.def Info: ../Dataset/1_Clustering/Visualisations/DB3.png used on
 input line 447.
(pdftex.def)             Requested size: 209.12778pt x 134.60837pt.

<../Dataset/1_Clustering/Visualisations/DB4.png, id=238, 255.95625pt x 156.585p
t>
File: ../Dataset/1_Clustering/Visualisations/DB4.png Graphic file (type png)
 <use ../Dataset/1_Clustering/Visualisations/DB4.png>
Package pdftex.def Info: ../Dataset/1_Clustering/Visualisations/DB4.png used on
 input line 449.
(pdftex.def)             Requested size: 209.12778pt x 127.937pt.

Underfull \hbox (badness 10000) in paragraph at lines 452--453

 []

[25 <../Dataset/1_Clustering/Visualisations/DB1.png> <../Dataset/1_Clustering/V
isualisations/DB2.png> <../Dataset/1_Clustering/Visualisations/DB3.png> <../Dat
aset/1_Clustering/Visualisations/DB4.png>]

Class scrartcl Warning: incompatible usage of \@ssect detected.
(scrartcl)              You've used the KOMA-Script implementation of \@ssect
(scrartcl)              from within a non compatible caller, that does not
(scrartcl)              \scr@s@ct@@nn@m@ locally.
(scrartcl)              This could result in several error messages on input li
ne 480.


<../Dataset/1_Clustering/Visualisations/DB5.png, id=255, 261.97874pt x 165.6187
4pt>
File: ../Dataset/1_Clustering/Visualisations/DB5.png Graphic file (type png)
 <use ../Dataset/1_Clustering/Visualisations/DB5.png>
Package pdftex.def Info: ../Dataset/1_Clustering/Visualisations/DB5.png used on
 input line 506.
(pdftex.def)             Requested size: 209.12778pt x 132.2096pt.

<../Dataset/1_Clustering/Visualisations/DB6.png, id=256, 227.85126pt x 142.5325
pt>
File: ../Dataset/1_Clustering/Visualisations/DB6.png Graphic file (type png)
 <use ../Dataset/1_Clustering/Visualisations/DB6.png>
Package pdftex.def Info: ../Dataset/1_Clustering/Visualisations/DB6.png used on
 input line 508.
(pdftex.def)             Requested size: 209.12778pt x 130.82263pt.

<../Dataset/1_Clustering/Visualisations/DB7.png, id=257, 233.87375pt x 142.5325
pt>
File: ../Dataset/1_Clustering/Visualisations/DB7.png Graphic file (type png)
 <use ../Dataset/1_Clustering/Visualisations/DB7.png>
Package pdftex.def Info: ../Dataset/1_Clustering/Visualisations/DB7.png used on
 input line 514.
(pdftex.def)             Requested size: 209.12778pt x 127.45811pt.

<../Dataset/1_Clustering/Visualisations/DB8.png, id=258, 244.915pt x 147.55125p
t>
File: ../Dataset/1_Clustering/Visualisations/DB8.png Graphic file (type png)
 <use ../Dataset/1_Clustering/Visualisations/DB8.png>
Package pdftex.def Info: ../Dataset/1_Clustering/Visualisations/DB8.png used on
 input line 516.
(pdftex.def)             Requested size: 209.12778pt x 125.99326pt.
 [26 <../Dataset/1_Clustering/Visualisations/DB5.png> <../Dataset/1_Clustering/
Visualisations/DB6.png>]
Underfull \hbox (badness 10000) in paragraph at lines 519--520

 []


Class scrartcl Warning: incompatible usage of \@ssect detected.
(scrartcl)              You've used the KOMA-Script implementation of \@ssect
(scrartcl)              from within a non compatible caller, that does not
(scrartcl)              \scr@s@ct@@nn@m@ locally.
(scrartcl)              This could result in several error messages on input li
ne 547.


Overfull \hbox (8.24716pt too wide) in paragraph at lines 551--561
 [] 
 []


Class scrartcl Warning: incompatible usage of \@ssect detected.
(scrartcl)              You've used the KOMA-Script implementation of \@ssect
(scrartcl)              from within a non compatible caller, that does not
(scrartcl)              \scr@s@ct@@nn@m@ locally.
(scrartcl)              This could result in several error messages on input li
ne 564.


Class scrartcl Warning: incompatible usage of \@ssect detected.
(scrartcl)              You've used the KOMA-Script implementation of \@ssect
(scrartcl)              from within a non compatible caller, that does not
(scrartcl)              \scr@s@ct@@nn@m@ locally.
(scrartcl)              This could result in several error messages on input li
ne 565.

[27 <../Dataset/1_Clustering/Visualisations/DB7.png> <../Dataset/1_Clustering/V
isualisations/DB8.png>]
<../Dataset/1_Clustering/Visualisations/6a.png, id=285, 775.89874pt x 582.175pt
>
File: ../Dataset/1_Clustering/Visualisations/6a.png Graphic file (type png)
 <use ../Dataset/1_Clustering/Visualisations/6a.png>
Package pdftex.def Info: ../Dataset/1_Clustering/Visualisations/6a.png used on 
input line 590.
(pdftex.def)             Requested size: 418.25555pt x 313.82794pt.

<../Dataset/1_Clustering/Visualisations/6b.png, id=286, 986.68625pt x 763.85374
pt>
File: ../Dataset/1_Clustering/Visualisations/6b.png Graphic file (type png)
 <use ../Dataset/1_Clustering/Visualisations/6b.png>
Package pdftex.def Info: ../Dataset/1_Clustering/Visualisations/6b.png used on 
input line 595.
(pdftex.def)             Requested size: 418.25555pt x 323.80017pt.
 [28 <../Dataset/1_Clustering/Visualisations/6a.png>]
Underfull \hbox (badness 10000) in paragraph at lines 598--599

 []


Underfull \hbox (badness 10000) in paragraph at lines 602--604

 []


<../Dataset/1_Clustering/Visualisations/6c.png, id=293, 705.63625pt x 515.9275p
t>
File: ../Dataset/1_Clustering/Visualisations/6c.png Graphic file (type png)
 <use ../Dataset/1_Clustering/Visualisations/6c.png>
Package pdftex.def Info: ../Dataset/1_Clustering/Visualisations/6c.png used on 
input line 607.
(pdftex.def)             Requested size: 376.42744pt x 275.22731pt.
 [29 <../Dataset/1_Clustering/Visualisations/6b.png>]
<../Dataset/1_Clustering/Visualisations/6d.png, id=299, 945.5325pt x 698.61pt>
File: ../Dataset/1_Clustering/Visualisations/6d.png Graphic file (type png)

<use ../Dataset/1_Clustering/Visualisations/6d.png>
Package pdftex.def Info: ../Dataset/1_Clustering/Visualisations/6d.png used on 
input line 612.
(pdftex.def)             Requested size: 376.42744pt x 278.12787pt.

<../Dataset/1_Clustering/Visualisations/k_10.png, id=300, 494.84875pt x 736.752
5pt>
File: ../Dataset/1_Clustering/Visualisations/k_10.png Graphic file (type png)
 <use ../Dataset/1_Clustering/Visualisations/k_10.png>
Package pdftex.def Info: ../Dataset/1_Clustering/Visualisations/k_10.png used o
n input line 618.
(pdftex.def)             Requested size: 376.42744pt x 560.4436pt.
 [30 <../Dataset/1_Clustering/Visualisations/6c.png> <../Dataset/1_Clustering/V
isualisations/6d.png>]

Class scrartcl Warning: incompatible usage of \@ssect detected.
(scrartcl)              You've used the KOMA-Script implementation of \@ssect
(scrartcl)              from within a non compatible caller, that does not
(scrartcl)              \scr@s@ct@@nn@m@ locally.
(scrartcl)              This could result in several error messages on input li
ne 622.

[31 <../Dataset/1_Clustering/Visualisations/k_10.png>]
<../Dataset/1_Clustering/Visualisations/6db.png, id=313, 531.9875pt x 752.8125p
t>
File: ../Dataset/1_Clustering/Visualisations/6db.png Graphic file (type png)
 <use ../Dataset/1_Clustering/Visualisations/6db.png>
Package pdftex.def Info: ../Dataset/1_Clustering/Visualisations/6db.png used on
 input line 627.
(pdftex.def)             Requested size: 334.60571pt x 473.50475pt.

Underfull \hbox (badness 10000) in paragraph at lines 623--628

 []


<../Dataset/1_Clustering/Visualisations/6db2.png, id=314, 980.66376pt x 718.685
pt>
File: ../Dataset/1_Clustering/Visualisations/6db2.png Graphic file (type png)
 <use ../Dataset/1_Clustering/Visualisations/6db2.png>
Package pdftex.def Info: ../Dataset/1_Clustering/Visualisations/6db2.png used o
n input line 632.
(pdftex.def)             Requested size: 418.25555pt x 306.51726pt.
 [32 <../Dataset/1_Clustering/Visualisations/6db.png>]
<../Dataset/1_Clustering/Visualisations/6db3.png, id=322, 583.17876pt x 837.127
5pt>
File: ../Dataset/1_Clustering/Visualisations/6db3.png Graphic file (type png)
 <use ../Dataset/1_Clustering/Visualisations/6db3.png>
Package pdftex.def Info: ../Dataset/1_Clustering/Visualisations/6db3.png used o
n input line 638.
(pdftex.def)             Requested size: 418.25555pt x 600.40657pt.
 [33 <../Dataset/1_Clustering/Visualisations/6db2.png>]
Overfull \vbox (4.60631pt too high) has occurred while \output is active []


[34 <../Dataset/1_Clustering/Visualisations/6db3.png>]
<../Dataset/1_Clustering/Visualisations/6db4.png, id=333, 818.05624pt x 635.373
75pt>
File: ../Dataset/1_Clustering/Visualisations/6db4.png Graphic file (type png)
 <use ../Dataset/1_Clustering/Visualisations/6db4.png>
Package pdftex.def Info: ../Dataset/1_Clustering/Visualisations/6db4.png used o
n input line 643.
(pdftex.def)             Requested size: 418.25555pt x 324.8604pt.

Underfull \hbox (badness 10000) in paragraph at lines 645--646

 []


Class scrartcl Warning: incompatible usage of \@ssect detected.
(scrartcl)              You've used the KOMA-Script implementation of \@ssect
(scrartcl)              from within a non compatible caller, that does not
(scrartcl)              \scr@s@ct@@nn@m@ locally.
(scrartcl)              This could result in several error messages on input li
ne 649.


<../Dataset/1_Clustering/Visualisations/6db6.png, id=334, 473.77pt x 751.80875p
t>
File: ../Dataset/1_Clustering/Visualisations/6db6.png Graphic file (type png)
 <use ../Dataset/1_Clustering/Visualisations/6db6.png>
Package pdftex.def Info: ../Dataset/1_Clustering/Visualisations/6db6.png used o
n input line 654.
(pdftex.def)             Requested size: 418.25555pt x 663.73894pt.
 [35 <../Dataset/1_Clustering/Visualisations/6db4.png>]
Overfull \vbox (67.93867pt too high) has occurred while \output is active []


[36 <../Dataset/1_Clustering/Visualisations/6db6.png>]
<../Dataset/1_Clustering/Visualisations/6db7.png, id=346, 767.86874pt x 867.24p
t>
File: ../Dataset/1_Clustering/Visualisations/6db7.png Graphic file (type png)
 <use ../Dataset/1_Clustering/Visualisations/6db7.png>
Package pdftex.def Info: ../Dataset/1_Clustering/Visualisations/6db7.png used o
n input line 660.
(pdftex.def)             Requested size: 501.90538pt x 566.86201pt.

Overfull \hbox (83.64983pt too wide) in paragraph at lines 660--661
 [][] 
 []

[37 <../Dataset/1_Clustering/Visualisations/6db7.png>]

Class scrartcl Warning: incompatible usage of \@ssect detected.
(scrartcl)              You've used the KOMA-Script implementation of \@ssect
(scrartcl)              from within a non compatible caller, that does not
(scrartcl)              \scr@s@ct@@nn@m@ locally.
(scrartcl)              This could result in several error messages on input li
ne 665.


Class scrartcl Warning: incompatible usage of \@ssect detected.
(scrartcl)              You've used the KOMA-Script implementation of \@ssect
(scrartcl)              from within a non compatible caller, that does not
(scrartcl)              \scr@s@ct@@nn@m@ locally.
(scrartcl)              This could result in several error messages on input li
ne 668.


Class scrartcl Warning: incompatible usage of \@ssect detected.
(scrartcl)              You've used the KOMA-Script implementation of \@ssect
(scrartcl)              from within a non compatible caller, that does not
(scrartcl)              \scr@s@ct@@nn@m@ locally.
(scrartcl)              This could result in several error messages on input li
ne 670.


<../Dataset/2_NaiveBayes/Visualisations/mul.png, id=353, 462.528pt x 346.896pt>
File: ../Dataset/2_NaiveBayes/Visualisations/mul.png Graphic file (type png)
<use ../Dataset/2_NaiveBayes/Visualisations/mul.png>
Package pdftex.def Info: ../Dataset/2_NaiveBayes/Visualisations/mul.png used on
 input line 696.
(pdftex.def)             Requested size: 376.42744pt x 282.33397pt.
 [38]
<../Dataset/2_NaiveBayes/Visualisations/mult.png, id=362, 462.528pt x 346.896pt
>
File: ../Dataset/2_NaiveBayes/Visualisations/mult.png Graphic file (type png)
 <use ../Dataset/2_NaiveBayes/Visualisations/mult.png>
Package pdftex.def Info: ../Dataset/2_NaiveBayes/Visualisations/mult.png used o
n input line 722.
(pdftex.def)             Requested size: 376.42744pt x 282.33397pt.
 [39 <../Dataset/2_NaiveBayes/Visualisations/mul.png>]

Class scrartcl Warning: incompatible usage of \@ssect detected.
(scrartcl)              You've used the KOMA-Script implementation of \@ssect
(scrartcl)              from within a non compatible caller, that does not
(scrartcl)              \scr@s@ct@@nn@m@ locally.
(scrartcl)              This could result in several error messages on input li
ne 725.

<../Dataset/2_NaiveBayes/Visualisations/1.png, id=370, 462.528pt x 346.896pt>
File: ../Dataset/2_NaiveBayes/Visualisations/1.png Graphic file (type png)

<use ../Dataset/2_NaiveBayes/Visualisations/1.png>
Package pdftex.def Info: ../Dataset/2_NaiveBayes/Visualisations/1.png used on i
nput line 749.
(pdftex.def)             Requested size: 376.42744pt x 282.33397pt.
 [40 <../Dataset/2_NaiveBayes/Visualisations/mult.png>]

Class scrartcl Warning: incompatible usage of \@ssect detected.
(scrartcl)              You've used the KOMA-Script implementation of \@ssect
(scrartcl)              from within a non compatible caller, that does not
(scrartcl)              \scr@s@ct@@nn@m@ locally.
(scrartcl)              This could result in several error messages on input li
ne 752.

<../Dataset/2_NaiveBayes/Visualisations/2.png, id=379, 462.528pt x 346.896pt>
File: ../Dataset/2_NaiveBayes/Visualisations/2.png Graphic file (type png)

<use ../Dataset/2_NaiveBayes/Visualisations/2.png>
Package pdftex.def Info: ../Dataset/2_NaiveBayes/Visualisations/2.png used on i
nput line 777.
(pdftex.def)             Requested size: 376.42744pt x 282.33397pt.
 [41 <../Dataset/2_NaiveBayes/Visualisations/1.png>]

Class scrartcl Warning: incompatible usage of \@ssect detected.
(scrartcl)              You've used the KOMA-Script implementation of \@ssect
(scrartcl)              from within a non compatible caller, that does not
(scrartcl)              \scr@s@ct@@nn@m@ locally.
(scrartcl)              This could result in several error messages on input li
ne 780.


<../Dataset/2_NaiveBayes/Visualisations/dirichlet.png, id=388, 378.41376pt x 90
.3375pt>
File: ../Dataset/2_NaiveBayes/Visualisations/dirichlet.png Graphic file (type p
ng)
 <use ../Dataset/2_NaiveBayes/Visualisations/dirichlet.png>
Package pdftex.def Info: ../Dataset/2_NaiveBayes/Visualisations/dirichlet.png u
sed on input line 786.
(pdftex.def)             Requested size: 230.04182pt x 54.91693pt.

<../Dataset/2_NaiveBayes/Visualisations/dirch.png, id=389, 406.51875pt x 89.333
76pt>
File: ../Dataset/2_NaiveBayes/Visualisations/dirch.png Graphic file (type png)
 <use ../Dataset/2_NaiveBayes/Visualisations/dirch.png>
Package pdftex.def Info: ../Dataset/2_NaiveBayes/Visualisations/dirch.png used 
on input line 793.
(pdftex.def)             Requested size: 230.04182pt x 50.55135pt.
 [42 <../Dataset/2_NaiveBayes/Visualisations/2.png> <../Dataset/2_NaiveBayes/Vi
sualisations/dirichlet.png> <../Dataset/2_NaiveBayes/Visualisations/dirch.png>]

<../Dataset/2_NaiveBayes/Visualisations/dr11.png, id=399, 462.528pt x 346.896pt
>
File: ../Dataset/2_NaiveBayes/Visualisations/dr11.png Graphic file (type png)
 <use ../Dataset/2_NaiveBayes/Visualisations/dr11.png>
Package pdftex.def Info: ../Dataset/2_NaiveBayes/Visualisations/dr11.png used o
n input line 824.
(pdftex.def)             Requested size: 376.42744pt x 282.33397pt.

<../Dataset/2_NaiveBayes/Visualisations/dr2.png, id=400, 462.528pt x 346.896pt>
File: ../Dataset/2_NaiveBayes/Visualisations/dr2.png Graphic file (type png)
<use ../Dataset/2_NaiveBayes/Visualisations/dr2.png>
Package pdftex.def Info: ../Dataset/2_NaiveBayes/Visualisations/dr2.png used on
 input line 851.
(pdftex.def)             Requested size: 376.42744pt x 282.33397pt.
 [43 <../Dataset/2_NaiveBayes/Visualisations/dr11.png>]
<../Dataset/2_NaiveBayes/Visualisations/dr3.png, id=410, 462.528pt x 346.896pt>
File: ../Dataset/2_NaiveBayes/Visualisations/dr3.png Graphic file (type png)
<use ../Dataset/2_NaiveBayes/Visualisations/dr3.png>
Package pdftex.def Info: ../Dataset/2_NaiveBayes/Visualisations/dr3.png used on
 input line 877.
(pdftex.def)             Requested size: 376.42744pt x 282.33397pt.
 [44 <../Dataset/2_NaiveBayes/Visualisations/dr2.png>]
<../Dataset/2_NaiveBayes/Visualisations/dr4.png, id=418, 462.528pt x 346.896pt>
File: ../Dataset/2_NaiveBayes/Visualisations/dr4.png Graphic file (type png)
<use ../Dataset/2_NaiveBayes/Visualisations/dr4.png>
Package pdftex.def Info: ../Dataset/2_NaiveBayes/Visualisations/dr4.png used on
 input line 903.
(pdftex.def)             Requested size: 376.42744pt x 282.33397pt.
 [45 <../Dataset/2_NaiveBayes/Visualisations/dr3.png>]
<../Dataset/2_NaiveBayes/Visualisations/dr5.png, id=426, 462.528pt x 346.896pt>
File: ../Dataset/2_NaiveBayes/Visualisations/dr5.png Graphic file (type png)
<use ../Dataset/2_NaiveBayes/Visualisations/dr5.png>
Package pdftex.def Info: ../Dataset/2_NaiveBayes/Visualisations/dr5.png used on
 input line 929.
(pdftex.def)             Requested size: 376.42744pt x 282.33397pt.
 [46 <../Dataset/2_NaiveBayes/Visualisations/dr4.png>]
<../Dataset/2_NaiveBayes/Visualisations/dr6.png, id=434, 462.528pt x 346.896pt>
File: ../Dataset/2_NaiveBayes/Visualisations/dr6.png Graphic file (type png)
<use ../Dataset/2_NaiveBayes/Visualisations/dr6.png>
Package pdftex.def Info: ../Dataset/2_NaiveBayes/Visualisations/dr6.png used on
 input line 956.
(pdftex.def)             Requested size: 376.42744pt x 282.33397pt.
 [47 <../Dataset/2_NaiveBayes/Visualisations/dr5.png>]
<../Dataset/2_NaiveBayes/Visualisations/dr7.png, id=442, 462.528pt x 346.896pt>
File: ../Dataset/2_NaiveBayes/Visualisations/dr7.png Graphic file (type png)
<use ../Dataset/2_NaiveBayes/Visualisations/dr7.png>
Package pdftex.def Info: ../Dataset/2_NaiveBayes/Visualisations/dr7.png used on
 input line 982.
(pdftex.def)             Requested size: 376.42744pt x 282.33397pt.
 [48 <../Dataset/2_NaiveBayes/Visualisations/dr6.png>]
<../Dataset/2_NaiveBayes/Visualisations/dr8.png, id=450, 462.528pt x 346.896pt>
File: ../Dataset/2_NaiveBayes/Visualisations/dr8.png Graphic file (type png)
<use ../Dataset/2_NaiveBayes/Visualisations/dr8.png>
Package pdftex.def Info: ../Dataset/2_NaiveBayes/Visualisations/dr8.png used on
 input line 1008.
(pdftex.def)             Requested size: 376.42744pt x 282.33397pt.
 [49 <../Dataset/2_NaiveBayes/Visualisations/dr7.png>]
<../Dataset/2_NaiveBayes/Visualisations/dir.png, id=459, 462.528pt x 346.896pt>
File: ../Dataset/2_NaiveBayes/Visualisations/dir.png Graphic file (type png)
<use ../Dataset/2_NaiveBayes/Visualisations/dir.png>
Package pdftex.def Info: ../Dataset/2_NaiveBayes/Visualisations/dir.png used on
 input line 1035.
(pdftex.def)             Requested size: 376.42744pt x 282.33397pt.
 [50 <../Dataset/2_NaiveBayes/Visualisations/dr8.png>]

Class scrartcl Warning: incompatible usage of \@ssect detected.
(scrartcl)              You've used the KOMA-Script implementation of \@ssect
(scrartcl)              from within a non compatible caller, that does not
(scrartcl)              \scr@s@ct@@nn@m@ locally.
(scrartcl)              This could result in several error messages on input li
ne 1038.


<../Dataset/2_NaiveBayes/Visualisations/beta.png, id=467, 410.53375pt x 102.382
5pt>
File: ../Dataset/2_NaiveBayes/Visualisations/beta.png Graphic file (type png)
 <use ../Dataset/2_NaiveBayes/Visualisations/beta.png>
Package pdftex.def Info: ../Dataset/2_NaiveBayes/Visualisations/beta.png used o
n input line 1043.
(pdftex.def)             Requested size: 230.04182pt x 57.36974pt.

<../Dataset/2_NaiveBayes/Visualisations/beta2.png, id=468, 368.37625pt x 76.285
pt>
File: ../Dataset/2_NaiveBayes/Visualisations/beta2.png Graphic file (type png)
 <use ../Dataset/2_NaiveBayes/Visualisations/beta2.png>
Package pdftex.def Info: ../Dataset/2_NaiveBayes/Visualisations/beta2.png used 
on input line 1050.
(pdftex.def)             Requested size: 188.21371pt x 38.97583pt.
 [51 <../Dataset/2_NaiveBayes/Visualisations/dir.png> <../Dataset/2_NaiveBayes/
Visualisations/beta.png> <../Dataset/2_NaiveBayes/Visualisations/beta2.png>]
<../Dataset/2_NaiveBayes/Visualisations/b1.png, id=479, 462.528pt x 346.896pt>
File: ../Dataset/2_NaiveBayes/Visualisations/b1.png Graphic file (type png)

<use ../Dataset/2_NaiveBayes/Visualisations/b1.png>
Package pdftex.def Info: ../Dataset/2_NaiveBayes/Visualisations/b1.png used on 
input line 1079.
(pdftex.def)             Requested size: 376.42744pt x 282.33397pt.

<../Dataset/2_NaiveBayes/Visualisations/b2.png, id=480, 462.528pt x 346.896pt>
File: ../Dataset/2_NaiveBayes/Visualisations/b2.png Graphic file (type png)

<use ../Dataset/2_NaiveBayes/Visualisations/b2.png>
Package pdftex.def Info: ../Dataset/2_NaiveBayes/Visualisations/b2.png used on 
input line 1105.
(pdftex.def)             Requested size: 376.42744pt x 282.33397pt.
 [52 <../Dataset/2_NaiveBayes/Visualisations/b1.png>]
<../Dataset/2_NaiveBayes/Visualisations/b3.png, id=489, 462.528pt x 346.896pt>
File: ../Dataset/2_NaiveBayes/Visualisations/b3.png Graphic file (type png)

<use ../Dataset/2_NaiveBayes/Visualisations/b3.png>
Package pdftex.def Info: ../Dataset/2_NaiveBayes/Visualisations/b3.png used on 
input line 1131.
(pdftex.def)             Requested size: 376.42744pt x 282.33397pt.
 [53 <../Dataset/2_NaiveBayes/Visualisations/b2.png>]
<../Dataset/2_NaiveBayes/Visualisations/b4.png, id=497, 462.528pt x 346.896pt>
File: ../Dataset/2_NaiveBayes/Visualisations/b4.png Graphic file (type png)

<use ../Dataset/2_NaiveBayes/Visualisations/b4.png>
Package pdftex.def Info: ../Dataset/2_NaiveBayes/Visualisations/b4.png used on 
input line 1157.
(pdftex.def)             Requested size: 376.42744pt x 282.33397pt.
 [54 <../Dataset/2_NaiveBayes/Visualisations/b3.png>]
<../Dataset/2_NaiveBayes/Visualisations/b5.png, id=505, 462.528pt x 346.896pt>
File: ../Dataset/2_NaiveBayes/Visualisations/b5.png Graphic file (type png)

<use ../Dataset/2_NaiveBayes/Visualisations/b5.png>
Package pdftex.def Info: ../Dataset/2_NaiveBayes/Visualisations/b5.png used on 
input line 1183.
(pdftex.def)             Requested size: 376.42744pt x 282.33397pt.
 [55 <../Dataset/2_NaiveBayes/Visualisations/b4.png>]
<../Dataset/2_NaiveBayes/Visualisations/b6.png, id=514, 462.528pt x 346.896pt>
File: ../Dataset/2_NaiveBayes/Visualisations/b6.png Graphic file (type png)

<use ../Dataset/2_NaiveBayes/Visualisations/b6.png>
Package pdftex.def Info: ../Dataset/2_NaiveBayes/Visualisations/b6.png used on 
input line 1209.
(pdftex.def)             Requested size: 376.42744pt x 282.33397pt.
 [56 <../Dataset/2_NaiveBayes/Visualisations/b5.png>]

Class scrartcl Warning: incompatible usage of \@ssect detected.
(scrartcl)              You've used the KOMA-Script implementation of \@ssect
(scrartcl)              from within a non compatible caller, that does not
(scrartcl)              \scr@s@ct@@nn@m@ locally.
(scrartcl)              This could result in several error messages on input li
ne 1214.

LaTeX Font Info:    Try loading font information for T1+cmtt on input line 1216
.
(/usr/share/texlive/texmf-dist/tex/latex/base/t1cmtt.fd
File: t1cmtt.fd 2014/09/29 v2.5h Standard LaTeX font definitions
)
Package microtype Info: Loading generic settings for font family
(microtype)             `cmtt' (encoding: T1).
(microtype)             For optimal results, create family-specific settings.
(microtype)             See the microtype manual for details.

Overfull \hbox (11.36385pt too wide) in paragraph at lines 1216--1217
[][]$\T1/cmtt/m/n/10.95 https : / / www . cs . cmu . edu / ~epxing / Class / 10
701-[]08s / recitation / dirichlet . pdf$[] 
 []

Package atveryend Info: Empty hook `BeforeClearDocument' on input line 1219.
[57 <../Dataset/2_NaiveBayes/Visualisations/b6.png>]
Package atveryend Info: Empty hook `AfterLastShipout' on input line 1219.
 (./Report.aux)
Package atveryend Info: Executing hook `AtVeryEndDocument' on input line 1219.
Package atveryend Info: Executing hook `AtEndAfterFileList' on input line 1219.

Package rerunfilecheck Info: File `Report.out' has not changed.
(rerunfilecheck)             Checksum: D41D8CD98F00B204E9800998ECF8427E;0.


LaTeX Warning: There were multiply-defined labels.

Package atveryend Info: Empty hook `AtVeryVeryEnd' on input line 1219.
 ) 
Here is how much of TeX's memory you used:
 13187 strings out of 493029
 217514 string characters out of 6136234
 380783 words of memory out of 5000000
 16005 multiletter control sequences out of 15000+600000
 123113 words of font info for 247 fonts, out of 8000000 for 9000
 1141 hyphenation exceptions out of 8191
 50i,12n,54p,934b,474s stack positions out of 5000i,500n,10000p,200000b,80000s
{/usr/share/texmf/fonts/enc/dvips/cm-super/cm-super-t1.enc}{/usr/share/texliv
e/texmf-dist/fonts/enc/dvips/base/8r.enc}</usr/share/texlive/texmf-dist/fonts/t
ype1/public/fourier/fourier-mex.pfb></usr/share/texlive/texmf-dist/fonts/type1/
public/fourier/fourier-mlit.pfb></usr/share/texlive/texmf-dist/fonts/type1/publ
ic/fourier/fourier-ms.pfb></usr/share/texlive/texmf-dist/fonts/type1/adobe/utop
ia/putb8a.pfb></usr/share/texlive/texmf-dist/fonts/type1/adobe/utopia/putr8a.pf
b></usr/share/texlive/texmf-dist/fonts/type1/adobe/utopia/putri8a.pfb></usr/sha
re/texmf/fonts/type1/public/cm-super/sftt1095.pfb>
Output written on Report.pdf (57 pages, 2425686 bytes).
PDF statistics:
 609 PDF objects out of 1000 (max. 8388607)
 421 compressed objects within 5 object streams
 218 named destinations out of 1000 (max. 500000)
 45477 words of extra memory for PDF output out of 51595 (max. 10000000)

